---------------------------------------------------------------
[ 2019-10-24T10:16:23+08:00 ] 127.0.0.1 GET 127.0.0.1:8888/?XDEBUG_SESSION_START=19529
[运行时间：0.069004s] [吞吐率：14.49req/s] [内存消耗：3,235.02kb] [文件加载：112]
[ info ] [ LANG ] D:\AppServ\www\thinkphp\lang\zh-cn.php
[ info ] [ ROUTE ] array (
  'type' => 'module',
  'module' => 
  array (
    0 => '',
    1 => NULL,
    2 => NULL,
  ),
)
[ info ] [ HEADER ] array (
  'host' => '127.0.0.1:8888',
  'connection' => 'keep-alive',
  'upgrade-insecure-requests' => '1',
  'user-agent' => 'Mozilla/5.0 (Windows NT 6.1; Win64; x64) AppleWebKit/537.36 (KHTML, like Gecko) Chrome/77.0.3865.120 Safari/537.36',
  'sec-fetch-mode' => 'navigate',
  'sec-fetch-user' => '?1',
  'accept' => 'text/html,application/xhtml+xml,application/xml;q=0.9,image/webp,image/apng,*/*;q=0.8,application/signed-exchange;v=b3',
  'sec-fetch-site' => 'none',
  'accept-encoding' => 'gzip, deflate, br',
  'accept-language' => 'zh-CN,zh;q=0.9,en;q=0.8',
  'cookie' => 'PHPSESSID=bmh8rkevt79bbqiiqifopbtsp2; is_login=0; is_bg=1',
)
[ info ] [ PARAM ] array (
  'XDEBUG_SESSION_START' => '19529',
)
[ info ] [ SESSION ] INIT array (
  'prefix' => 'admin',
  'type' => '',
  'auto_start' => true,
)
[ info ] [ LOG ] INIT File
---------------------------------------------------------------
[ 2019-10-24T10:16:23+08:00 ] 127.0.0.1 GET 127.0.0.1:8888/admin/login/index.html
[运行时间：0.048003s] [吞吐率：20.83req/s] [内存消耗：2,617.06kb] [文件加载：106]
[ info ] [ LANG ] D:\AppServ\www\thinkphp\lang\zh-cn.php
[ info ] [ ROUTE ] array (
  'type' => 'module',
  'module' => 
  array (
    0 => 'admin',
    1 => 'login',
    2 => 'index',
  ),
)
[ info ] [ HEADER ] array (
  'host' => '127.0.0.1:8888',
  'connection' => 'keep-alive',
  'upgrade-insecure-requests' => '1',
  'user-agent' => 'Mozilla/5.0 (Windows NT 6.1; Win64; x64) AppleWebKit/537.36 (KHTML, like Gecko) Chrome/77.0.3865.120 Safari/537.36',
  'sec-fetch-mode' => 'navigate',
  'sec-fetch-user' => '?1',
  'accept' => 'text/html,application/xhtml+xml,application/xml;q=0.9,image/webp,image/apng,*/*;q=0.8,application/signed-exchange;v=b3',
  'sec-fetch-site' => 'none',
  'accept-encoding' => 'gzip, deflate, br',
  'accept-language' => 'zh-CN,zh;q=0.9,en;q=0.8',
  'cookie' => 'PHPSESSID=bmh8rkevt79bbqiiqifopbtsp2; is_login=0; is_bg=1; XDEBUG_SESSION=19529',
)
[ info ] [ PARAM ] array (
  '/admin/login/index_html' => '',
)
[ info ] [ RUN ] app\admin\controller\Login->index[ D:\AppServ\www\application\admin\controller\Login.php ]
[ info ] [ VIEW ] D:\AppServ\www/application/admin\view\login\index.php [ array (
) ]
[ info ] [ LOG ] INIT File
---------------------------------------------------------------
[ 2019-10-24T10:16:23+08:00 ] 127.0.0.1 GET 127.0.0.1:8888/admin/login/captcha.html
[运行时间：0.045003s] [吞吐率：22.22req/s] [内存消耗：2,614.17kb] [文件加载：105]
[ info ] [ LANG ] D:\AppServ\www\thinkphp\lang\zh-cn.php
[ info ] [ ROUTE ] array (
  'type' => 'module',
  'module' => 
  array (
    0 => 'admin',
    1 => 'login',
    2 => 'captcha',
  ),
)
[ info ] [ HEADER ] array (
  'host' => '127.0.0.1:8888',
  'connection' => 'keep-alive',
  'sec-fetch-mode' => 'no-cors',
  'user-agent' => 'Mozilla/5.0 (Windows NT 6.1; Win64; x64) AppleWebKit/537.36 (KHTML, like Gecko) Chrome/77.0.3865.120 Safari/537.36',
  'accept' => 'image/webp,image/apng,image/*,*/*;q=0.8',
  'sec-fetch-site' => 'same-origin',
  'referer' => 'http://127.0.0.1:8888/admin/login/index.html',
  'accept-encoding' => 'gzip, deflate, br',
  'accept-language' => 'zh-CN,zh;q=0.9,en;q=0.8',
  'cookie' => 'PHPSESSID=bmh8rkevt79bbqiiqifopbtsp2; is_login=0; is_bg=1; XDEBUG_SESSION=19529',
)
[ info ] [ PARAM ] array (
  '/admin/login/captcha_html' => '',
)
[ info ] [ RUN ] app\admin\controller\Login->captcha[ D:\AppServ\www\application\admin\controller\Login.php ]
[ info ] [ SESSION ] INIT array (
  'prefix' => 'admin',
  'type' => '',
  'auto_start' => true,
)
[ info ] [ LOG ] INIT File
---------------------------------------------------------------
[ 2019-10-24T10:16:56+08:00 ] 127.0.0.1 GET 127.0.0.1:8888/wap
[运行时间：29.103664s] [吞吐率：0.03req/s] [内存消耗：3,159.84kb] [文件加载：117]
[ info ] [ LANG ] D:\AppServ\www\thinkphp\lang\zh-cn.php
[ info ] [ ROUTE ] array (
  'type' => 'module',
  'module' => 
  array (
    0 => 'wap',
    1 => NULL,
    2 => NULL,
  ),
)
[ info ] [ HEADER ] array (
  'host' => '127.0.0.1:8888',
  'connection' => 'keep-alive',
  'upgrade-insecure-requests' => '1',
  'user-agent' => 'Mozilla/5.0 (Windows NT 6.1; Win64; x64) AppleWebKit/537.36 (KHTML, like Gecko) Chrome/77.0.3865.120 Safari/537.36',
  'sec-fetch-mode' => 'navigate',
  'sec-fetch-user' => '?1',
  'accept' => 'text/html,application/xhtml+xml,application/xml;q=0.9,image/webp,image/apng,*/*;q=0.8,application/signed-exchange;v=b3',
  'purpose' => 'prefetch',
  'sec-fetch-site' => 'none',
  'accept-encoding' => 'gzip, deflate, br',
  'accept-language' => 'zh-CN,zh;q=0.9,en;q=0.8',
  'cookie' => 'PHPSESSID=bmh8rkevt79bbqiiqifopbtsp2; is_login=0; is_bg=1; XDEBUG_SESSION=19529',
)
[ info ] [ PARAM ] array (
  '/wap' => '',
)
[ info ] [ BEHAVIOR ] Run behavior\wap\WapBehavior @wap_init [ RunTime:0.001000s ]
[ info ] [ SESSION ] INIT array (
  'prefix' => 'wap',
  'type' => '',
  'auto_start' => true,
)
[ info ] [ LOG ] INIT File
---------------------------------------------------------------
[ 2019-10-24T10:16:56+08:00 ] 127.0.0.1 GET 127.0.0.1:8888/wap/login/index.html?ref=aHR0cDovLzEyNy4wLjAuMTo4ODg4L3dhcA==
[运行时间：0.263015s] [吞吐率：3.80req/s] [内存消耗：6,093.06kb] [文件加载：205]
[ info ] [ LANG ] D:\AppServ\www\thinkphp\lang\zh-cn.php
[ info ] [ ROUTE ] array (
  'type' => 'module',
  'module' => 
  array (
    0 => 'wap',
    1 => 'login',
    2 => 'index',
  ),
)
[ info ] [ HEADER ] array (
  'host' => '127.0.0.1:8888',
  'connection' => 'keep-alive',
  'upgrade-insecure-requests' => '1',
  'user-agent' => 'Mozilla/5.0 (Windows NT 6.1; Win64; x64) AppleWebKit/537.36 (KHTML, like Gecko) Chrome/77.0.3865.120 Safari/537.36',
  'sec-fetch-mode' => 'navigate',
  'sec-fetch-user' => '?1',
  'accept' => 'text/html,application/xhtml+xml,application/xml;q=0.9,image/webp,image/apng,*/*;q=0.8,application/signed-exchange;v=b3',
  'purpose' => 'prefetch',
  'sec-fetch-site' => 'none',
  'accept-encoding' => 'gzip, deflate, br',
  'accept-language' => 'zh-CN,zh;q=0.9,en;q=0.8',
  'cookie' => 'PHPSESSID=bmh8rkevt79bbqiiqifopbtsp2; is_login=0; is_bg=1; XDEBUG_SESSION=19529',
)
[ info ] [ PARAM ] array (
  '/wap/login/index_html' => '',
  'ref' => 'aHR0cDovLzEyNy4wLjAuMTo4ODg4L3dhcA==',
)
[ info ] [ BEHAVIOR ] Run behavior\wap\WapBehavior @wap_init [ RunTime:0.000000s ]
[ info ] [ RUN ] app\wap\controller\Login->index[ D:\AppServ\www\application\wap\controller\Login.php ]
[ info ] [ VIEW ] D:\AppServ\www/application/wap/view/first/login\index.html [ array (
  0 => 'ref',
) ]
[ info ] [ DB ] INIT mysql
[ info ] [ LOG ] INIT File
---------------------------------------------------------------
[ 2019-10-24T10:17:27+08:00 ] 127.0.0.1 GET 127.0.0.1:8888/?XDEBUG_SESSION_START=13267
[运行时间：0.042002s] [吞吐率：23.81req/s] [内存消耗：3,235.05kb] [文件加载：112]
[ info ] [ LANG ] D:\AppServ\www\thinkphp\lang\zh-cn.php
[ info ] [ ROUTE ] array (
  'type' => 'module',
  'module' => 
  array (
    0 => '',
    1 => NULL,
    2 => NULL,
  ),
)
[ info ] [ HEADER ] array (
  'host' => '127.0.0.1:8888',
  'connection' => 'keep-alive',
  'upgrade-insecure-requests' => '1',
  'user-agent' => 'Mozilla/5.0 (Windows NT 6.1; Win64; x64) AppleWebKit/537.36 (KHTML, like Gecko) Chrome/77.0.3865.120 Safari/537.36',
  'sec-fetch-mode' => 'navigate',
  'sec-fetch-user' => '?1',
  'accept' => 'text/html,application/xhtml+xml,application/xml;q=0.9,image/webp,image/apng,*/*;q=0.8,application/signed-exchange;v=b3',
  'sec-fetch-site' => 'none',
  'accept-encoding' => 'gzip, deflate, br',
  'accept-language' => 'zh-CN,zh;q=0.9,en;q=0.8',
  'cookie' => 'PHPSESSID=bmh8rkevt79bbqiiqifopbtsp2; is_login=0; is_bg=1; XDEBUG_SESSION=19529',
)
[ info ] [ PARAM ] array (
  'XDEBUG_SESSION_START' => '13267',
)
[ info ] [ SESSION ] INIT array (
  'prefix' => 'admin',
  'type' => '',
  'auto_start' => true,
)
[ info ] [ LOG ] INIT File
---------------------------------------------------------------
[ 2019-10-24T10:17:27+08:00 ] 127.0.0.1 GET 127.0.0.1:8888/admin/login/index.html
[运行时间：0.037002s] [吞吐率：27.03req/s] [内存消耗：2,617.06kb] [文件加载：106]
[ info ] [ LANG ] D:\AppServ\www\thinkphp\lang\zh-cn.php
[ info ] [ ROUTE ] array (
  'type' => 'module',
  'module' => 
  array (
    0 => 'admin',
    1 => 'login',
    2 => 'index',
  ),
)
[ info ] [ HEADER ] array (
  'host' => '127.0.0.1:8888',
  'connection' => 'keep-alive',
  'upgrade-insecure-requests' => '1',
  'user-agent' => 'Mozilla/5.0 (Windows NT 6.1; Win64; x64) AppleWebKit/537.36 (KHTML, like Gecko) Chrome/77.0.3865.120 Safari/537.36',
  'sec-fetch-mode' => 'navigate',
  'sec-fetch-user' => '?1',
  'accept' => 'text/html,application/xhtml+xml,application/xml;q=0.9,image/webp,image/apng,*/*;q=0.8,application/signed-exchange;v=b3',
  'sec-fetch-site' => 'none',
  'accept-encoding' => 'gzip, deflate, br',
  'accept-language' => 'zh-CN,zh;q=0.9,en;q=0.8',
  'cookie' => 'PHPSESSID=bmh8rkevt79bbqiiqifopbtsp2; is_login=0; is_bg=1; XDEBUG_SESSION=13267',
)
[ info ] [ PARAM ] array (
  '/admin/login/index_html' => '',
)
[ info ] [ RUN ] app\admin\controller\Login->index[ D:\AppServ\www\application\admin\controller\Login.php ]
[ info ] [ VIEW ] D:\AppServ\www/application/admin\view\login\index.php [ array (
) ]
[ info ] [ LOG ] INIT File
---------------------------------------------------------------
[ 2019-10-24T10:17:28+08:00 ] 127.0.0.1 GET 127.0.0.1:8888/admin/login/captcha.html
[运行时间：0.045002s] [吞吐率：22.22req/s] [内存消耗：2,614.17kb] [文件加载：105]
[ info ] [ LANG ] D:\AppServ\www\thinkphp\lang\zh-cn.php
[ info ] [ ROUTE ] array (
  'type' => 'module',
  'module' => 
  array (
    0 => 'admin',
    1 => 'login',
    2 => 'captcha',
  ),
)
[ info ] [ HEADER ] array (
  'host' => '127.0.0.1:8888',
  'connection' => 'keep-alive',
  'sec-fetch-mode' => 'no-cors',
  'user-agent' => 'Mozilla/5.0 (Windows NT 6.1; Win64; x64) AppleWebKit/537.36 (KHTML, like Gecko) Chrome/77.0.3865.120 Safari/537.36',
  'accept' => 'image/webp,image/apng,image/*,*/*;q=0.8',
  'sec-fetch-site' => 'same-origin',
  'referer' => 'http://127.0.0.1:8888/admin/login/index.html',
  'accept-encoding' => 'gzip, deflate, br',
  'accept-language' => 'zh-CN,zh;q=0.9,en;q=0.8',
  'cookie' => 'PHPSESSID=bmh8rkevt79bbqiiqifopbtsp2; is_login=0; is_bg=1; XDEBUG_SESSION=13267',
)
[ info ] [ PARAM ] array (
  '/admin/login/captcha_html' => '',
)
[ info ] [ RUN ] app\admin\controller\Login->captcha[ D:\AppServ\www\application\admin\controller\Login.php ]
[ info ] [ SESSION ] INIT array (
  'prefix' => 'admin',
  'type' => '',
  'auto_start' => true,
)
[ info ] [ LOG ] INIT File
---------------------------------------------------------------
[ 2019-10-24T10:17:43+08:00 ] 127.0.0.1 GET 127.0.0.1:8888/?XDEBUG_SESSION_START=10839
[运行时间：0.040002s] [吞吐率：25.00req/s] [内存消耗：3,235.05kb] [文件加载：112]
[ info ] [ LANG ] D:\AppServ\www\thinkphp\lang\zh-cn.php
[ info ] [ ROUTE ] array (
  'type' => 'module',
  'module' => 
  array (
    0 => '',
    1 => NULL,
    2 => NULL,
  ),
)
[ info ] [ HEADER ] array (
  'host' => '127.0.0.1:8888',
  'connection' => 'keep-alive',
  'upgrade-insecure-requests' => '1',
  'user-agent' => 'Mozilla/5.0 (Windows NT 6.1; Win64; x64) AppleWebKit/537.36 (KHTML, like Gecko) Chrome/77.0.3865.120 Safari/537.36',
  'sec-fetch-mode' => 'navigate',
  'sec-fetch-user' => '?1',
  'accept' => 'text/html,application/xhtml+xml,application/xml;q=0.9,image/webp,image/apng,*/*;q=0.8,application/signed-exchange;v=b3',
  'sec-fetch-site' => 'none',
  'accept-encoding' => 'gzip, deflate, br',
  'accept-language' => 'zh-CN,zh;q=0.9,en;q=0.8',
  'cookie' => 'PHPSESSID=bmh8rkevt79bbqiiqifopbtsp2; is_login=0; is_bg=1; XDEBUG_SESSION=13267',
)
[ info ] [ PARAM ] array (
  'XDEBUG_SESSION_START' => '10839',
)
[ info ] [ SESSION ] INIT array (
  'prefix' => 'admin',
  'type' => '',
  'auto_start' => true,
)
[ info ] [ LOG ] INIT File
---------------------------------------------------------------
[ 2019-10-24T10:17:43+08:00 ] 127.0.0.1 GET 127.0.0.1:8888/admin/login/index.html
[运行时间：0.036002s] [吞吐率：27.78req/s] [内存消耗：2,617.06kb] [文件加载：106]
[ info ] [ LANG ] D:\AppServ\www\thinkphp\lang\zh-cn.php
[ info ] [ ROUTE ] array (
  'type' => 'module',
  'module' => 
  array (
    0 => 'admin',
    1 => 'login',
    2 => 'index',
  ),
)
[ info ] [ HEADER ] array (
  'host' => '127.0.0.1:8888',
  'connection' => 'keep-alive',
  'upgrade-insecure-requests' => '1',
  'user-agent' => 'Mozilla/5.0 (Windows NT 6.1; Win64; x64) AppleWebKit/537.36 (KHTML, like Gecko) Chrome/77.0.3865.120 Safari/537.36',
  'sec-fetch-mode' => 'navigate',
  'sec-fetch-user' => '?1',
  'accept' => 'text/html,application/xhtml+xml,application/xml;q=0.9,image/webp,image/apng,*/*;q=0.8,application/signed-exchange;v=b3',
  'sec-fetch-site' => 'none',
  'accept-encoding' => 'gzip, deflate, br',
  'accept-language' => 'zh-CN,zh;q=0.9,en;q=0.8',
  'cookie' => 'PHPSESSID=bmh8rkevt79bbqiiqifopbtsp2; is_login=0; is_bg=1; XDEBUG_SESSION=10839',
)
[ info ] [ PARAM ] array (
  '/admin/login/index_html' => '',
)
[ info ] [ RUN ] app\admin\controller\Login->index[ D:\AppServ\www\application\admin\controller\Login.php ]
[ info ] [ VIEW ] D:\AppServ\www/application/admin\view\login\index.php [ array (
) ]
[ info ] [ LOG ] INIT File
---------------------------------------------------------------
[ 2019-10-24T10:17:43+08:00 ] 127.0.0.1 GET 127.0.0.1:8888/admin/login/captcha.html
[运行时间：0.046002s] [吞吐率：21.74req/s] [内存消耗：2,614.17kb] [文件加载：105]
[ info ] [ LANG ] D:\AppServ\www\thinkphp\lang\zh-cn.php
[ info ] [ ROUTE ] array (
  'type' => 'module',
  'module' => 
  array (
    0 => 'admin',
    1 => 'login',
    2 => 'captcha',
  ),
)
[ info ] [ HEADER ] array (
  'host' => '127.0.0.1:8888',
  'connection' => 'keep-alive',
  'sec-fetch-mode' => 'no-cors',
  'user-agent' => 'Mozilla/5.0 (Windows NT 6.1; Win64; x64) AppleWebKit/537.36 (KHTML, like Gecko) Chrome/77.0.3865.120 Safari/537.36',
  'accept' => 'image/webp,image/apng,image/*,*/*;q=0.8',
  'sec-fetch-site' => 'same-origin',
  'referer' => 'http://127.0.0.1:8888/admin/login/index.html',
  'accept-encoding' => 'gzip, deflate, br',
  'accept-language' => 'zh-CN,zh;q=0.9,en;q=0.8',
  'cookie' => 'PHPSESSID=bmh8rkevt79bbqiiqifopbtsp2; is_login=0; is_bg=1; XDEBUG_SESSION=10839',
)
[ info ] [ PARAM ] array (
  '/admin/login/captcha_html' => '',
)
[ info ] [ RUN ] app\admin\controller\Login->captcha[ D:\AppServ\www\application\admin\controller\Login.php ]
[ info ] [ SESSION ] INIT array (
  'prefix' => 'admin',
  'type' => '',
  'auto_start' => true,
)
[ info ] [ LOG ] INIT File
---------------------------------------------------------------
[ 2019-10-24T10:18:19+08:00 ] 127.0.0.1 GET 127.0.0.1:8888/wap
[运行时间：25.655467s] [吞吐率：0.04req/s] [内存消耗：3,158.37kb] [文件加载：117]
[ info ] [ LANG ] D:\AppServ\www\thinkphp\lang\zh-cn.php
[ info ] [ ROUTE ] array (
  'type' => 'module',
  'module' => 
  array (
    0 => 'wap',
    1 => NULL,
    2 => NULL,
  ),
)
[ info ] [ HEADER ] array (
  'host' => '127.0.0.1:8888',
  'connection' => 'keep-alive',
  'upgrade-insecure-requests' => '1',
  'user-agent' => 'Mozilla/5.0 (Windows NT 6.1; Win64; x64) AppleWebKit/537.36 (KHTML, like Gecko) Chrome/77.0.3865.120 Safari/537.36',
  'sec-fetch-mode' => 'navigate',
  'sec-fetch-user' => '?1',
  'accept' => 'text/html,application/xhtml+xml,application/xml;q=0.9,image/webp,image/apng,*/*;q=0.8,application/signed-exchange;v=b3',
  'purpose' => 'prefetch',
  'sec-fetch-site' => 'none',
  'accept-encoding' => 'gzip, deflate, br',
  'accept-language' => 'zh-CN,zh;q=0.9,en;q=0.8',
  'cookie' => 'PHPSESSID=bmh8rkevt79bbqiiqifopbtsp2; is_login=0; is_bg=1; XDEBUG_SESSION=10839',
)
[ info ] [ PARAM ] array (
  '/wap' => '',
)
[ info ] [ BEHAVIOR ] Run behavior\wap\WapBehavior @wap_init [ RunTime:0.000000s ]
[ info ] [ SESSION ] INIT array (
  'prefix' => 'wap',
  'type' => '',
  'auto_start' => true,
)
[ info ] [ LOG ] INIT File
---------------------------------------------------------------
[ 2019-10-24T10:18:20+08:00 ] 127.0.0.1 GET 127.0.0.1:8888/wap/login/index.html?ref=aHR0cDovLzEyNy4wLjAuMTo4ODg4L3dhcA==
[运行时间：0.223013s] [吞吐率：4.48req/s] [内存消耗：6,093.06kb] [文件加载：205]
[ info ] [ LANG ] D:\AppServ\www\thinkphp\lang\zh-cn.php
[ info ] [ ROUTE ] array (
  'type' => 'module',
  'module' => 
  array (
    0 => 'wap',
    1 => 'login',
    2 => 'index',
  ),
)
[ info ] [ HEADER ] array (
  'host' => '127.0.0.1:8888',
  'connection' => 'keep-alive',
  'upgrade-insecure-requests' => '1',
  'user-agent' => 'Mozilla/5.0 (Windows NT 6.1; Win64; x64) AppleWebKit/537.36 (KHTML, like Gecko) Chrome/77.0.3865.120 Safari/537.36',
  'sec-fetch-mode' => 'navigate',
  'sec-fetch-user' => '?1',
  'accept' => 'text/html,application/xhtml+xml,application/xml;q=0.9,image/webp,image/apng,*/*;q=0.8,application/signed-exchange;v=b3',
  'purpose' => 'prefetch',
  'sec-fetch-site' => 'none',
  'accept-encoding' => 'gzip, deflate, br',
  'accept-language' => 'zh-CN,zh;q=0.9,en;q=0.8',
  'cookie' => 'PHPSESSID=bmh8rkevt79bbqiiqifopbtsp2; is_login=0; is_bg=1; XDEBUG_SESSION=10839',
)
[ info ] [ PARAM ] array (
  '/wap/login/index_html' => '',
  'ref' => 'aHR0cDovLzEyNy4wLjAuMTo4ODg4L3dhcA==',
)
[ info ] [ BEHAVIOR ] Run behavior\wap\WapBehavior @wap_init [ RunTime:0.000000s ]
[ info ] [ RUN ] app\wap\controller\Login->index[ D:\AppServ\www\application\wap\controller\Login.php ]
[ info ] [ VIEW ] D:\AppServ\www/application/wap/view/first/login\index.html [ array (
  0 => 'ref',
) ]
[ info ] [ DB ] INIT mysql
[ info ] [ LOG ] INIT File
---------------------------------------------------------------
[ 2019-10-24T10:21:20+08:00 ] 127.0.0.1 GET 127.0.0.1:8888/admin/login/index.html
[运行时间：0.049002s] [吞吐率：20.41req/s] [内存消耗：2,617.14kb] [文件加载：106]
[ info ] [ LANG ] D:\AppServ\www\thinkphp\lang\zh-cn.php
[ info ] [ ROUTE ] array (
  'type' => 'module',
  'module' => 
  array (
    0 => 'admin',
    1 => 'login',
    2 => 'index',
  ),
)
[ info ] [ HEADER ] array (
  'host' => '127.0.0.1:8888',
  'connection' => 'keep-alive',
  'cache-control' => 'max-age=0',
  'upgrade-insecure-requests' => '1',
  'user-agent' => 'Mozilla/5.0 (Windows NT 6.1; Win64; x64) AppleWebKit/537.36 (KHTML, like Gecko) Chrome/77.0.3865.120 Safari/537.36',
  'sec-fetch-mode' => 'navigate',
  'sec-fetch-user' => '?1',
  'accept' => 'text/html,application/xhtml+xml,application/xml;q=0.9,image/webp,image/apng,*/*;q=0.8,application/signed-exchange;v=b3',
  'sec-fetch-site' => 'none',
  'accept-encoding' => 'gzip, deflate, br',
  'accept-language' => 'zh-CN,zh;q=0.9,en;q=0.8',
  'cookie' => 'PHPSESSID=bmh8rkevt79bbqiiqifopbtsp2; is_login=0; is_bg=1; XDEBUG_SESSION=10839',
)
[ info ] [ PARAM ] array (
  '/admin/login/index_html' => '',
)
[ info ] [ RUN ] app\admin\controller\Login->index[ D:\AppServ\www\application\admin\controller\Login.php ]
[ info ] [ VIEW ] D:\AppServ\www/application/admin\view\login\index.php [ array (
) ]
[ info ] [ LOG ] INIT File
---------------------------------------------------------------
[ 2019-10-24T10:21:20+08:00 ] 127.0.0.1 GET 127.0.0.1:8888/admin/login/captcha.html
[运行时间：0.054003s] [吞吐率：18.52req/s] [内存消耗：2,614.17kb] [文件加载：105]
[ info ] [ LANG ] D:\AppServ\www\thinkphp\lang\zh-cn.php
[ info ] [ ROUTE ] array (
  'type' => 'module',
  'module' => 
  array (
    0 => 'admin',
    1 => 'login',
    2 => 'captcha',
  ),
)
[ info ] [ HEADER ] array (
  'host' => '127.0.0.1:8888',
  'connection' => 'keep-alive',
  'sec-fetch-mode' => 'no-cors',
  'user-agent' => 'Mozilla/5.0 (Windows NT 6.1; Win64; x64) AppleWebKit/537.36 (KHTML, like Gecko) Chrome/77.0.3865.120 Safari/537.36',
  'accept' => 'image/webp,image/apng,image/*,*/*;q=0.8',
  'sec-fetch-site' => 'same-origin',
  'referer' => 'http://127.0.0.1:8888/admin/login/index.html',
  'accept-encoding' => 'gzip, deflate, br',
  'accept-language' => 'zh-CN,zh;q=0.9,en;q=0.8',
  'cookie' => 'PHPSESSID=bmh8rkevt79bbqiiqifopbtsp2; is_login=0; is_bg=1; XDEBUG_SESSION=10839',
)
[ info ] [ PARAM ] array (
  '/admin/login/captcha_html' => '',
)
[ info ] [ RUN ] app\admin\controller\Login->captcha[ D:\AppServ\www\application\admin\controller\Login.php ]
[ info ] [ SESSION ] INIT array (
  'prefix' => 'admin',
  'type' => '',
  'auto_start' => true,
)
[ info ] [ LOG ] INIT File
---------------------------------------------------------------
[ 2019-10-24T10:51:08+08:00 ] 127.0.0.1 GET 127.0.0.1:8888/wap
[运行时间：0.053003s] [吞吐率：18.87req/s] [内存消耗：3,153.23kb] [文件加载：117]
[ info ] [ LANG ] D:\AppServ\www\thinkphp\lang\zh-cn.php
[ info ] [ ROUTE ] array (
  'type' => 'module',
  'module' => 
  array (
    0 => 'wap',
    1 => NULL,
    2 => NULL,
  ),
)
[ info ] [ HEADER ] array (
  'host' => '127.0.0.1:8888',
  'connection' => 'keep-alive',
  'upgrade-insecure-requests' => '1',
  'user-agent' => 'Mozilla/5.0 (Windows NT 6.1; Win64; x64) AppleWebKit/537.36 (KHTML, like Gecko) Chrome/77.0.3865.120 Safari/537.36',
  'sec-fetch-mode' => 'navigate',
  'sec-fetch-user' => '?1',
  'accept' => 'text/html,application/xhtml+xml,application/xml;q=0.9,image/webp,image/apng,*/*;q=0.8,application/signed-exchange;v=b3',
  'purpose' => 'prefetch',
  'sec-fetch-site' => 'none',
  'accept-encoding' => 'gzip, deflate, br',
  'accept-language' => 'zh-CN,zh;q=0.9,en;q=0.8',
  'cookie' => 'PHPSESSID=bmh8rkevt79bbqiiqifopbtsp2; is_login=0; is_bg=1; XDEBUG_SESSION=10839',
)
[ info ] [ PARAM ] array (
  '/wap' => '',
)
[ info ] [ BEHAVIOR ] Run behavior\wap\WapBehavior @wap_init [ RunTime:0.000000s ]
[ info ] [ SESSION ] INIT array (
  'prefix' => 'wap',
  'type' => '',
  'auto_start' => true,
)
[ info ] [ LOG ] INIT File
---------------------------------------------------------------
[ 2019-10-24T10:51:09+08:00 ] 127.0.0.1 GET 127.0.0.1:8888/wap/login/index.html?ref=aHR0cDovLzEyNy4wLjAuMTo4ODg4L3dhcA==
[运行时间：0.183010s] [吞吐率：5.46req/s] [内存消耗：6,093.13kb] [文件加载：205]
[ info ] [ LANG ] D:\AppServ\www\thinkphp\lang\zh-cn.php
[ info ] [ ROUTE ] array (
  'type' => 'module',
  'module' => 
  array (
    0 => 'wap',
    1 => 'login',
    2 => 'index',
  ),
)
[ info ] [ HEADER ] array (
  'host' => '127.0.0.1:8888',
  'connection' => 'keep-alive',
  'upgrade-insecure-requests' => '1',
  'user-agent' => 'Mozilla/5.0 (Windows NT 6.1; Win64; x64) AppleWebKit/537.36 (KHTML, like Gecko) Chrome/77.0.3865.120 Safari/537.36',
  'sec-fetch-mode' => 'navigate',
  'sec-fetch-user' => '?1',
  'accept' => 'text/html,application/xhtml+xml,application/xml;q=0.9,image/webp,image/apng,*/*;q=0.8,application/signed-exchange;v=b3',
  'purpose' => 'prefetch',
  'sec-fetch-site' => 'none',
  'accept-encoding' => 'gzip, deflate, br',
  'accept-language' => 'zh-CN,zh;q=0.9,en;q=0.8',
  'cookie' => 'PHPSESSID=bmh8rkevt79bbqiiqifopbtsp2; is_login=0; is_bg=1; XDEBUG_SESSION=10839',
)
[ info ] [ PARAM ] array (
  '/wap/login/index_html' => '',
  'ref' => 'aHR0cDovLzEyNy4wLjAuMTo4ODg4L3dhcA==',
)
[ info ] [ BEHAVIOR ] Run behavior\wap\WapBehavior @wap_init [ RunTime:0.000000s ]
[ info ] [ RUN ] app\wap\controller\Login->index[ D:\AppServ\www\application\wap\controller\Login.php ]
[ info ] [ VIEW ] D:\AppServ\www/application/wap/view/first/login\index.html [ array (
  0 => 'ref',
) ]
[ info ] [ DB ] INIT mysql
[ info ] [ LOG ] INIT File
---------------------------------------------------------------
[ 2019-10-24T10:52:04+08:00 ] 127.0.0.1 GET 127.0.0.1:8888/wap
[运行时间：0.094005s] [吞吐率：10.64req/s] [内存消耗：2,892.45kb] [文件加载：113]
[ info ] [ LANG ] D:\AppServ\www\thinkphp\lang\zh-cn.php
[ info ] [ ROUTE ] array (
  'type' => 'module',
  'module' => 
  array (
    0 => 'wap',
    1 => NULL,
    2 => NULL,
  ),
)
[ info ] [ HEADER ] array (
  'host' => '127.0.0.1:8888',
  'connection' => 'keep-alive',
  'upgrade-insecure-requests' => '1',
  'user-agent' => 'Mozilla/5.0 (Windows NT 6.1; Win64; x64) AppleWebKit/537.36 (KHTML, like Gecko) Chrome/77.0.3865.120 Safari/537.36',
  'sec-fetch-mode' => 'navigate',
  'sec-fetch-user' => '?1',
  'accept' => 'text/html,application/xhtml+xml,application/xml;q=0.9,image/webp,image/apng,*/*;q=0.8,application/signed-exchange;v=b3',
  'purpose' => 'prefetch',
  'sec-fetch-site' => 'none',
  'accept-encoding' => 'gzip, deflate, br',
  'accept-language' => 'zh-CN,zh;q=0.9,en;q=0.8',
  'cookie' => 'PHPSESSID=bmh8rkevt79bbqiiqifopbtsp2; is_login=0; is_bg=1; XDEBUG_SESSION=10839',
)
[ info ] [ PARAM ] array (
  '/wap' => '',
)
[ info ] [ DB ] INIT mysql
[ info ] [ VIEW ] D:\AppServ\www/application/wap/view/first/public\error.html [ array (
  0 => 'title',
  1 => 'msg',
  2 => 'url',
) ]
[ info ] [ LOG ] INIT File
[ error ] [0]类型错误: Argument 1 passed to think\db\Connection::bindValue() must be of the type array, int given, called in D:\AppServ\www\thinkphp\library\think\db\Connection.php on line 436[D:\AppServ\www\thinkphp\library\think\db\Connection.php:508]
---------------------------------------------------------------
[ 2019-10-24T10:53:20+08:00 ] 127.0.0.1 GET 127.0.0.1:8888/wap
[运行时间：0.488028s] [吞吐率：2.05req/s] [内存消耗：3,437.08kb] [文件加载：120]
[ info ] [ LANG ] D:\AppServ\www\thinkphp\lang\zh-cn.php
[ info ] [ ROUTE ] array (
  'type' => 'module',
  'module' => 
  array (
    0 => 'wap',
    1 => NULL,
    2 => NULL,
  ),
)
[ info ] [ HEADER ] array (
  'host' => '127.0.0.1:8888',
  'connection' => 'keep-alive',
  'cache-control' => 'max-age=0',
  'upgrade-insecure-requests' => '1',
  'user-agent' => 'Mozilla/5.0 (Windows NT 6.1; Win64; x64) AppleWebKit/537.36 (KHTML, like Gecko) Chrome/77.0.3865.120 Safari/537.36',
  'sec-fetch-mode' => 'navigate',
  'sec-fetch-user' => '?1',
  'accept' => 'text/html,application/xhtml+xml,application/xml;q=0.9,image/webp,image/apng,*/*;q=0.8,application/signed-exchange;v=b3',
  'sec-fetch-site' => 'none',
  'accept-encoding' => 'gzip, deflate, br',
  'accept-language' => 'zh-CN,zh;q=0.9,en;q=0.8',
  'cookie' => 'PHPSESSID=bmh8rkevt79bbqiiqifopbtsp2; is_login=0; is_bg=1; XDEBUG_SESSION=10839',
)
[ info ] [ PARAM ] array (
  '/wap' => '',
)
[ info ] [ DB ] INIT mysql
[ info ] [ BEHAVIOR ] Run behavior\wap\WapBehavior @wap_init [ RunTime:0.000000s ]
[ info ] [ SESSION ] INIT array (
  'prefix' => 'wap',
  'type' => '',
  'auto_start' => true,
)
[ info ] [ LOG ] INIT File
---------------------------------------------------------------
[ 2019-10-24T10:53:21+08:00 ] 127.0.0.1 GET 127.0.0.1:8888/wap/login/index.html?ref=aHR0cDovLzEyNy4wLjAuMTo4ODg4L3dhcA==
[运行时间：0.833048s] [吞吐率：1.20req/s] [内存消耗：6,094.13kb] [文件加载：205]
[ info ] [ LANG ] D:\AppServ\www\thinkphp\lang\zh-cn.php
[ info ] [ ROUTE ] array (
  'type' => 'module',
  'module' => 
  array (
    0 => 'wap',
    1 => 'login',
    2 => 'index',
  ),
)
[ info ] [ HEADER ] array (
  'host' => '127.0.0.1:8888',
  'connection' => 'keep-alive',
  'cache-control' => 'max-age=0',
  'upgrade-insecure-requests' => '1',
  'user-agent' => 'Mozilla/5.0 (Windows NT 6.1; Win64; x64) AppleWebKit/537.36 (KHTML, like Gecko) Chrome/77.0.3865.120 Safari/537.36',
  'sec-fetch-mode' => 'navigate',
  'sec-fetch-user' => '?1',
  'accept' => 'text/html,application/xhtml+xml,application/xml;q=0.9,image/webp,image/apng,*/*;q=0.8,application/signed-exchange;v=b3',
  'sec-fetch-site' => 'none',
  'accept-encoding' => 'gzip, deflate, br',
  'accept-language' => 'zh-CN,zh;q=0.9,en;q=0.8',
  'cookie' => 'PHPSESSID=bmh8rkevt79bbqiiqifopbtsp2; is_login=0; is_bg=1; XDEBUG_SESSION=10839',
)
[ info ] [ PARAM ] array (
  '/wap/login/index_html' => '',
  'ref' => 'aHR0cDovLzEyNy4wLjAuMTo4ODg4L3dhcA==',
)
[ info ] [ DB ] INIT mysql
[ info ] [ BEHAVIOR ] Run behavior\wap\WapBehavior @wap_init [ RunTime:0.001000s ]
[ info ] [ RUN ] app\wap\controller\Login->index[ D:\AppServ\www\application\wap\controller\Login.php ]
[ info ] [ VIEW ] D:\AppServ\www/application/wap/view/first/login\index.html [ array (
  0 => 'ref',
) ]
[ info ] [ LOG ] INIT File
---------------------------------------------------------------
[ 2019-10-24T10:53:56+08:00 ] 127.0.0.1 GET 127.0.0.1:8888/wap/login/index.html?ref=aHR0cDovLzEyNy4wLjAuMTo4ODg4L3dhcA==
[运行时间：0.085004s] [吞吐率：11.76req/s] [内存消耗：3,216.91kb] [文件加载：112]
[ info ] [ LANG ] D:\AppServ\www\thinkphp\lang\zh-cn.php
[ info ] [ ROUTE ] array (
  'type' => 'module',
  'module' => 
  array (
    0 => 'wap',
    1 => 'login',
    2 => 'index',
  ),
)
[ info ] [ HEADER ] array (
  'host' => '127.0.0.1:8888',
  'connection' => 'keep-alive',
  'cache-control' => 'max-age=0',
  'upgrade-insecure-requests' => '1',
  'user-agent' => 'Mozilla/5.0 (Windows NT 6.1; Win64; x64) AppleWebKit/537.36 (KHTML, like Gecko) Chrome/77.0.3865.120 Safari/537.36',
  'sec-fetch-mode' => 'navigate',
  'sec-fetch-user' => '?1',
  'accept' => 'text/html,application/xhtml+xml,application/xml;q=0.9,image/webp,image/apng,*/*;q=0.8,application/signed-exchange;v=b3',
  'sec-fetch-site' => 'none',
  'accept-encoding' => 'gzip, deflate, br',
  'accept-language' => 'zh-CN,zh;q=0.9,en;q=0.8',
  'cookie' => 'PHPSESSID=bmh8rkevt79bbqiiqifopbtsp2; is_login=0; is_bg=1; XDEBUG_SESSION=10839',
)
[ info ] [ PARAM ] array (
  '/wap/login/index_html' => '',
  'ref' => 'aHR0cDovLzEyNy4wLjAuMTo4ODg4L3dhcA==',
)
[ info ] [ SESSION ] INIT array (
  'prefix' => 'wap',
  'type' => '',
  'auto_start' => true,
)
[ info ] [ VIEW ] D:\AppServ\www/application/wap/view/first/public\error.html [ array (
  0 => 'title',
  1 => 'msg',
  2 => 'url',
) ]
[ info ] [ LOG ] INIT File
---------------------------------------------------------------
[ 2019-10-24T10:55:09+08:00 ] 127.0.0.1 GET 127.0.0.1:8888/wap/
[运行时间：0.116006s] [吞吐率：8.62req/s] [内存消耗：3,153.19kb] [文件加载：117]
[ info ] [ LANG ] D:\AppServ\www\thinkphp\lang\zh-cn.php
[ info ] [ ROUTE ] array (
  'type' => 'module',
  'module' => 
  array (
    0 => 'wap',
    1 => NULL,
    2 => NULL,
  ),
)
[ info ] [ HEADER ] array (
  'host' => '127.0.0.1:8888',
  'connection' => 'keep-alive',
  'upgrade-insecure-requests' => '1',
  'user-agent' => 'Mozilla/5.0 (Windows NT 6.1; Win64; x64) AppleWebKit/537.36 (KHTML, like Gecko) Chrome/77.0.3865.120 Safari/537.36',
  'sec-fetch-mode' => 'navigate',
  'sec-fetch-user' => '?1',
  'accept' => 'text/html,application/xhtml+xml,application/xml;q=0.9,image/webp,image/apng,*/*;q=0.8,application/signed-exchange;v=b3',
  'sec-fetch-site' => 'none',
  'accept-encoding' => 'gzip, deflate, br',
  'accept-language' => 'zh-CN,zh;q=0.9,en;q=0.8',
  'cookie' => 'PHPSESSID=bmh8rkevt79bbqiiqifopbtsp2; is_login=0; is_bg=1; XDEBUG_SESSION=10839',
)
[ info ] [ PARAM ] array (
  '/wap/' => '',
)
[ info ] [ BEHAVIOR ] Run behavior\wap\WapBehavior @wap_init [ RunTime:0.001000s ]
[ info ] [ SESSION ] INIT array (
  'prefix' => 'wap',
  'type' => '',
  'auto_start' => true,
)
[ info ] [ LOG ] INIT File
---------------------------------------------------------------
[ 2019-10-24T10:55:10+08:00 ] 127.0.0.1 GET 127.0.0.1:8888/wap/login/index.html?ref=aHR0cDovLzEyNy4wLjAuMTo4ODg4L3dhcC8=
[运行时间：0.212012s] [吞吐率：4.72req/s] [内存消耗：6,093.05kb] [文件加载：205]
[ info ] [ LANG ] D:\AppServ\www\thinkphp\lang\zh-cn.php
[ info ] [ ROUTE ] array (
  'type' => 'module',
  'module' => 
  array (
    0 => 'wap',
    1 => 'login',
    2 => 'index',
  ),
)
[ info ] [ HEADER ] array (
  'host' => '127.0.0.1:8888',
  'connection' => 'keep-alive',
  'upgrade-insecure-requests' => '1',
  'user-agent' => 'Mozilla/5.0 (Windows NT 6.1; Win64; x64) AppleWebKit/537.36 (KHTML, like Gecko) Chrome/77.0.3865.120 Safari/537.36',
  'sec-fetch-mode' => 'navigate',
  'sec-fetch-user' => '?1',
  'accept' => 'text/html,application/xhtml+xml,application/xml;q=0.9,image/webp,image/apng,*/*;q=0.8,application/signed-exchange;v=b3',
  'sec-fetch-site' => 'none',
  'accept-encoding' => 'gzip, deflate, br',
  'accept-language' => 'zh-CN,zh;q=0.9,en;q=0.8',
  'cookie' => 'PHPSESSID=bmh8rkevt79bbqiiqifopbtsp2; is_login=0; is_bg=1; XDEBUG_SESSION=10839',
)
[ info ] [ PARAM ] array (
  '/wap/login/index_html' => '',
  'ref' => 'aHR0cDovLzEyNy4wLjAuMTo4ODg4L3dhcC8=',
)
[ info ] [ BEHAVIOR ] Run behavior\wap\WapBehavior @wap_init [ RunTime:0.000000s ]
[ info ] [ RUN ] app\wap\controller\Login->index[ D:\AppServ\www\application\wap\controller\Login.php ]
[ info ] [ VIEW ] D:\AppServ\www/application/wap/view/first/login\index.html [ array (
  0 => 'ref',
) ]
[ info ] [ DB ] INIT mysql
[ info ] [ LOG ] INIT File
---------------------------------------------------------------
[ 2019-10-24T10:55:34+08:00 ] 127.0.0.1 GET 127.0.0.1:8888/?XDEBUG_SESSION_START=17338
[运行时间：0.053003s] [吞吐率：18.87req/s] [内存消耗：3,235.05kb] [文件加载：112]
[ info ] [ LANG ] D:\AppServ\www\thinkphp\lang\zh-cn.php
[ info ] [ ROUTE ] array (
  'type' => 'module',
  'module' => 
  array (
    0 => '',
    1 => NULL,
    2 => NULL,
  ),
)
[ info ] [ HEADER ] array (
  'host' => '127.0.0.1:8888',
  'connection' => 'keep-alive',
  'upgrade-insecure-requests' => '1',
  'user-agent' => 'Mozilla/5.0 (Windows NT 6.1; Win64; x64) AppleWebKit/537.36 (KHTML, like Gecko) Chrome/77.0.3865.120 Safari/537.36',
  'sec-fetch-mode' => 'navigate',
  'sec-fetch-user' => '?1',
  'accept' => 'text/html,application/xhtml+xml,application/xml;q=0.9,image/webp,image/apng,*/*;q=0.8,application/signed-exchange;v=b3',
  'sec-fetch-site' => 'none',
  'accept-encoding' => 'gzip, deflate, br',
  'accept-language' => 'zh-CN,zh;q=0.9,en;q=0.8',
  'cookie' => 'PHPSESSID=bmh8rkevt79bbqiiqifopbtsp2; is_login=0; is_bg=1; XDEBUG_SESSION=10839',
)
[ info ] [ PARAM ] array (
  'XDEBUG_SESSION_START' => '17338',
)
[ info ] [ SESSION ] INIT array (
  'prefix' => 'admin',
  'type' => '',
  'auto_start' => true,
)
[ info ] [ LOG ] INIT File
---------------------------------------------------------------
[ 2019-10-24T10:55:34+08:00 ] 127.0.0.1 GET 127.0.0.1:8888/admin/login/index.html
[运行时间：0.039002s] [吞吐率：25.64req/s] [内存消耗：2,617.06kb] [文件加载：106]
[ info ] [ LANG ] D:\AppServ\www\thinkphp\lang\zh-cn.php
[ info ] [ ROUTE ] array (
  'type' => 'module',
  'module' => 
  array (
    0 => 'admin',
    1 => 'login',
    2 => 'index',
  ),
)
[ info ] [ HEADER ] array (
  'host' => '127.0.0.1:8888',
  'connection' => 'keep-alive',
  'upgrade-insecure-requests' => '1',
  'user-agent' => 'Mozilla/5.0 (Windows NT 6.1; Win64; x64) AppleWebKit/537.36 (KHTML, like Gecko) Chrome/77.0.3865.120 Safari/537.36',
  'sec-fetch-mode' => 'navigate',
  'sec-fetch-user' => '?1',
  'accept' => 'text/html,application/xhtml+xml,application/xml;q=0.9,image/webp,image/apng,*/*;q=0.8,application/signed-exchange;v=b3',
  'sec-fetch-site' => 'none',
  'accept-encoding' => 'gzip, deflate, br',
  'accept-language' => 'zh-CN,zh;q=0.9,en;q=0.8',
  'cookie' => 'PHPSESSID=bmh8rkevt79bbqiiqifopbtsp2; is_login=0; is_bg=1; XDEBUG_SESSION=17338',
)
[ info ] [ PARAM ] array (
  '/admin/login/index_html' => '',
)
[ info ] [ RUN ] app\admin\controller\Login->index[ D:\AppServ\www\application\admin\controller\Login.php ]
[ info ] [ VIEW ] D:\AppServ\www/application/admin\view\login\index.php [ array (
) ]
[ info ] [ LOG ] INIT File
---------------------------------------------------------------
[ 2019-10-24T10:55:34+08:00 ] 127.0.0.1 GET 127.0.0.1:8888/admin/login/captcha.html
[运行时间：0.067003s] [吞吐率：14.92req/s] [内存消耗：2,614.17kb] [文件加载：105]
[ info ] [ LANG ] D:\AppServ\www\thinkphp\lang\zh-cn.php
[ info ] [ ROUTE ] array (
  'type' => 'module',
  'module' => 
  array (
    0 => 'admin',
    1 => 'login',
    2 => 'captcha',
  ),
)
[ info ] [ HEADER ] array (
  'host' => '127.0.0.1:8888',
  'connection' => 'keep-alive',
  'sec-fetch-mode' => 'no-cors',
  'user-agent' => 'Mozilla/5.0 (Windows NT 6.1; Win64; x64) AppleWebKit/537.36 (KHTML, like Gecko) Chrome/77.0.3865.120 Safari/537.36',
  'accept' => 'image/webp,image/apng,image/*,*/*;q=0.8',
  'sec-fetch-site' => 'same-origin',
  'referer' => 'http://127.0.0.1:8888/admin/login/index.html',
  'accept-encoding' => 'gzip, deflate, br',
  'accept-language' => 'zh-CN,zh;q=0.9,en;q=0.8',
  'cookie' => 'PHPSESSID=bmh8rkevt79bbqiiqifopbtsp2; is_login=0; is_bg=1; XDEBUG_SESSION=17338',
)
[ info ] [ PARAM ] array (
  '/admin/login/captcha_html' => '',
)
[ info ] [ RUN ] app\admin\controller\Login->captcha[ D:\AppServ\www\application\admin\controller\Login.php ]
[ info ] [ SESSION ] INIT array (
  'prefix' => 'admin',
  'type' => '',
  'auto_start' => true,
)
[ info ] [ LOG ] INIT File
---------------------------------------------------------------
[ 2019-10-24T10:56:27+08:00 ] 127.0.0.1 GET 127.0.0.1:8888/wap
[运行时间：48.633781s] [吞吐率：0.02req/s] [内存消耗：2,437.98kb] [文件加载：103]
[ info ] [ LANG ] D:\AppServ\www\thinkphp\lang\zh-cn.php
[ info ] [ ROUTE ] array (
  'type' => 'module',
  'module' => 
  array (
    0 => 'wap',
    1 => NULL,
    2 => NULL,
  ),
)
[ info ] [ HEADER ] array (
  'host' => '127.0.0.1:8888',
  'connection' => 'keep-alive',
  'upgrade-insecure-requests' => '1',
  'user-agent' => 'Mozilla/5.0 (Windows NT 6.1; Win64; x64) AppleWebKit/537.36 (KHTML, like Gecko) Chrome/77.0.3865.120 Safari/537.36',
  'sec-fetch-mode' => 'navigate',
  'sec-fetch-user' => '?1',
  'accept' => 'text/html,application/xhtml+xml,application/xml;q=0.9,image/webp,image/apng,*/*;q=0.8,application/signed-exchange;v=b3',
  'purpose' => 'prefetch',
  'sec-fetch-site' => 'none',
  'accept-encoding' => 'gzip, deflate, br',
  'accept-language' => 'zh-CN,zh;q=0.9,en;q=0.8',
  'cookie' => 'PHPSESSID=bmh8rkevt79bbqiiqifopbtsp2; is_login=0; is_bg=1; XDEBUG_SESSION=17338',
)
[ info ] [ PARAM ] array (
  '/wap' => '',
)
[ info ] [ LOG ] INIT File
---------------------------------------------------------------
[ 2019-10-24T10:56:30+08:00 ] 127.0.0.1 GET 127.0.0.1:8888/admin/login/index.html
[运行时间：0.037003s] [吞吐率：27.02req/s] [内存消耗：2,617.14kb] [文件加载：106]
[ info ] [ LANG ] D:\AppServ\www\thinkphp\lang\zh-cn.php
[ info ] [ ROUTE ] array (
  'type' => 'module',
  'module' => 
  array (
    0 => 'admin',
    1 => 'login',
    2 => 'index',
  ),
)
[ info ] [ HEADER ] array (
  'host' => '127.0.0.1:8888',
  'connection' => 'keep-alive',
  'cache-control' => 'max-age=0',
  'upgrade-insecure-requests' => '1',
  'user-agent' => 'Mozilla/5.0 (Windows NT 6.1; Win64; x64) AppleWebKit/537.36 (KHTML, like Gecko) Chrome/77.0.3865.120 Safari/537.36',
  'sec-fetch-mode' => 'navigate',
  'sec-fetch-user' => '?1',
  'accept' => 'text/html,application/xhtml+xml,application/xml;q=0.9,image/webp,image/apng,*/*;q=0.8,application/signed-exchange;v=b3',
  'sec-fetch-site' => 'none',
  'accept-encoding' => 'gzip, deflate, br',
  'accept-language' => 'zh-CN,zh;q=0.9,en;q=0.8',
  'cookie' => 'PHPSESSID=bmh8rkevt79bbqiiqifopbtsp2; is_login=0; is_bg=1; XDEBUG_SESSION=17338',
)
[ info ] [ PARAM ] array (
  '/admin/login/index_html' => '',
)
[ info ] [ RUN ] app\admin\controller\Login->index[ D:\AppServ\www\application\admin\controller\Login.php ]
[ info ] [ VIEW ] D:\AppServ\www/application/admin\view\login\index.php [ array (
) ]
[ info ] [ LOG ] INIT File
---------------------------------------------------------------
[ 2019-10-24T10:56:31+08:00 ] 127.0.0.1 GET 127.0.0.1:8888/admin/login/captcha.html
[运行时间：0.045003s] [吞吐率：22.22req/s] [内存消耗：2,614.17kb] [文件加载：105]
[ info ] [ LANG ] D:\AppServ\www\thinkphp\lang\zh-cn.php
[ info ] [ ROUTE ] array (
  'type' => 'module',
  'module' => 
  array (
    0 => 'admin',
    1 => 'login',
    2 => 'captcha',
  ),
)
[ info ] [ HEADER ] array (
  'host' => '127.0.0.1:8888',
  'connection' => 'keep-alive',
  'sec-fetch-mode' => 'no-cors',
  'user-agent' => 'Mozilla/5.0 (Windows NT 6.1; Win64; x64) AppleWebKit/537.36 (KHTML, like Gecko) Chrome/77.0.3865.120 Safari/537.36',
  'accept' => 'image/webp,image/apng,image/*,*/*;q=0.8',
  'sec-fetch-site' => 'same-origin',
  'referer' => 'http://127.0.0.1:8888/admin/login/index.html',
  'accept-encoding' => 'gzip, deflate, br',
  'accept-language' => 'zh-CN,zh;q=0.9,en;q=0.8',
  'cookie' => 'PHPSESSID=bmh8rkevt79bbqiiqifopbtsp2; is_login=0; is_bg=1; XDEBUG_SESSION=17338',
)
[ info ] [ PARAM ] array (
  '/admin/login/captcha_html' => '',
)
[ info ] [ RUN ] app\admin\controller\Login->captcha[ D:\AppServ\www\application\admin\controller\Login.php ]
[ info ] [ SESSION ] INIT array (
  'prefix' => 'admin',
  'type' => '',
  'auto_start' => true,
)
[ info ] [ LOG ] INIT File
---------------------------------------------------------------
[ 2019-10-24T11:12:22+08:00 ] 127.0.0.1 GET 127.0.0.1:8888/?XDEBUG_SESSION_START=13228
[运行时间：0.052003s] [吞吐率：19.23req/s] [内存消耗：3,235.05kb] [文件加载：112]
[ info ] [ LANG ] D:\AppServ\www\thinkphp\lang\zh-cn.php
[ info ] [ ROUTE ] array (
  'type' => 'module',
  'module' => 
  array (
    0 => '',
    1 => NULL,
    2 => NULL,
  ),
)
[ info ] [ HEADER ] array (
  'host' => '127.0.0.1:8888',
  'connection' => 'keep-alive',
  'upgrade-insecure-requests' => '1',
  'user-agent' => 'Mozilla/5.0 (Windows NT 6.1; Win64; x64) AppleWebKit/537.36 (KHTML, like Gecko) Chrome/77.0.3865.120 Safari/537.36',
  'sec-fetch-mode' => 'navigate',
  'sec-fetch-user' => '?1',
  'accept' => 'text/html,application/xhtml+xml,application/xml;q=0.9,image/webp,image/apng,*/*;q=0.8,application/signed-exchange;v=b3',
  'sec-fetch-site' => 'none',
  'accept-encoding' => 'gzip, deflate, br',
  'accept-language' => 'zh-CN,zh;q=0.9,en;q=0.8',
  'cookie' => 'PHPSESSID=bmh8rkevt79bbqiiqifopbtsp2; is_login=0; is_bg=1; XDEBUG_SESSION=17338',
)
[ info ] [ PARAM ] array (
  'XDEBUG_SESSION_START' => '13228',
)
[ info ] [ SESSION ] INIT array (
  'prefix' => 'admin',
  'type' => '',
  'auto_start' => true,
)
[ info ] [ LOG ] INIT File
---------------------------------------------------------------
[ 2019-10-24T11:12:22+08:00 ] 127.0.0.1 GET 127.0.0.1:8888/admin/login/index.html
[运行时间：0.039003s] [吞吐率：25.64req/s] [内存消耗：2,617.06kb] [文件加载：106]
[ info ] [ LANG ] D:\AppServ\www\thinkphp\lang\zh-cn.php
[ info ] [ ROUTE ] array (
  'type' => 'module',
  'module' => 
  array (
    0 => 'admin',
    1 => 'login',
    2 => 'index',
  ),
)
[ info ] [ HEADER ] array (
  'host' => '127.0.0.1:8888',
  'connection' => 'keep-alive',
  'upgrade-insecure-requests' => '1',
  'user-agent' => 'Mozilla/5.0 (Windows NT 6.1; Win64; x64) AppleWebKit/537.36 (KHTML, like Gecko) Chrome/77.0.3865.120 Safari/537.36',
  'sec-fetch-mode' => 'navigate',
  'sec-fetch-user' => '?1',
  'accept' => 'text/html,application/xhtml+xml,application/xml;q=0.9,image/webp,image/apng,*/*;q=0.8,application/signed-exchange;v=b3',
  'sec-fetch-site' => 'none',
  'accept-encoding' => 'gzip, deflate, br',
  'accept-language' => 'zh-CN,zh;q=0.9,en;q=0.8',
  'cookie' => 'PHPSESSID=bmh8rkevt79bbqiiqifopbtsp2; is_login=0; is_bg=1; XDEBUG_SESSION=13228',
)
[ info ] [ PARAM ] array (
  '/admin/login/index_html' => '',
)
[ info ] [ RUN ] app\admin\controller\Login->index[ D:\AppServ\www\application\admin\controller\Login.php ]
[ info ] [ VIEW ] D:\AppServ\www/application/admin\view\login\index.php [ array (
) ]
[ info ] [ LOG ] INIT File
---------------------------------------------------------------
[ 2019-10-24T11:12:22+08:00 ] 127.0.0.1 GET 127.0.0.1:8888/admin/login/captcha.html
[运行时间：0.042003s] [吞吐率：23.81req/s] [内存消耗：2,614.17kb] [文件加载：105]
[ info ] [ LANG ] D:\AppServ\www\thinkphp\lang\zh-cn.php
[ info ] [ ROUTE ] array (
  'type' => 'module',
  'module' => 
  array (
    0 => 'admin',
    1 => 'login',
    2 => 'captcha',
  ),
)
[ info ] [ HEADER ] array (
  'host' => '127.0.0.1:8888',
  'connection' => 'keep-alive',
  'sec-fetch-mode' => 'no-cors',
  'user-agent' => 'Mozilla/5.0 (Windows NT 6.1; Win64; x64) AppleWebKit/537.36 (KHTML, like Gecko) Chrome/77.0.3865.120 Safari/537.36',
  'accept' => 'image/webp,image/apng,image/*,*/*;q=0.8',
  'sec-fetch-site' => 'same-origin',
  'referer' => 'http://127.0.0.1:8888/admin/login/index.html',
  'accept-encoding' => 'gzip, deflate, br',
  'accept-language' => 'zh-CN,zh;q=0.9,en;q=0.8',
  'cookie' => 'PHPSESSID=bmh8rkevt79bbqiiqifopbtsp2; is_login=0; is_bg=1; XDEBUG_SESSION=13228',
)
[ info ] [ PARAM ] array (
  '/admin/login/captcha_html' => '',
)
[ info ] [ RUN ] app\admin\controller\Login->captcha[ D:\AppServ\www\application\admin\controller\Login.php ]
[ info ] [ SESSION ] INIT array (
  'prefix' => 'admin',
  'type' => '',
  'auto_start' => true,
)
[ info ] [ LOG ] INIT File
---------------------------------------------------------------
[ 2019-10-24T11:14:11+08:00 ] 127.0.0.1 GET 127.0.0.1:8888/wap
[运行时间：106.347082s] [吞吐率：0.01req/s] [内存消耗：3,054.74kb] [文件加载：112]
[ info ] [ LANG ] D:\AppServ\www\thinkphp\lang\zh-cn.php
[ info ] [ ROUTE ] array (
  'type' => 'module',
  'module' => 
  array (
    0 => 'wap',
    1 => NULL,
    2 => NULL,
  ),
)
[ info ] [ HEADER ] array (
  'host' => '127.0.0.1:8888',
  'connection' => 'keep-alive',
  'upgrade-insecure-requests' => '1',
  'user-agent' => 'Mozilla/5.0 (Windows NT 6.1; Win64; x64) AppleWebKit/537.36 (KHTML, like Gecko) Chrome/77.0.3865.120 Safari/537.36',
  'sec-fetch-mode' => 'navigate',
  'sec-fetch-user' => '?1',
  'accept' => 'text/html,application/xhtml+xml,application/xml;q=0.9,image/webp,image/apng,*/*;q=0.8,application/signed-exchange;v=b3',
  'purpose' => 'prefetch',
  'sec-fetch-site' => 'none',
  'accept-encoding' => 'gzip, deflate, br',
  'accept-language' => 'zh-CN,zh;q=0.9,en;q=0.8',
  'cookie' => 'PHPSESSID=bmh8rkevt79bbqiiqifopbtsp2; is_login=0; is_bg=1; XDEBUG_SESSION=13228',
)
[ info ] [ PARAM ] array (
  '/wap' => '',
)
[ info ] [ BEHAVIOR ] Run behavior\wap\WapBehavior @wap_init [ RunTime:0.000000s ]
[ info ] [ SESSION ] INIT array (
  'prefix' => 'wap',
  'type' => '',
  'auto_start' => true,
)
[ info ] [ LOG ] INIT File
---------------------------------------------------------------
[ 2019-10-24T11:17:07+08:00 ] 0.0.0.0 GET localhost:8888/wap
[运行时间：0.209012s] [吞吐率：4.78req/s] [内存消耗：3,436.70kb] [文件加载：120]
[ info ] [ LANG ] D:\AppServ\www\thinkphp\lang\zh-cn.php
[ info ] [ ROUTE ] array (
  'type' => 'module',
  'module' => 
  array (
    0 => 'wap',
    1 => NULL,
    2 => NULL,
  ),
)
[ info ] [ HEADER ] array (
  'host' => 'localhost:8888',
  'connection' => 'keep-alive',
  'upgrade-insecure-requests' => '1',
  'user-agent' => 'Mozilla/5.0 (Windows NT 6.1; Win64; x64) AppleWebKit/537.36 (KHTML, like Gecko) Chrome/77.0.3865.120 Safari/537.36',
  'sec-fetch-mode' => 'navigate',
  'sec-fetch-user' => '?1',
  'accept' => 'text/html,application/xhtml+xml,application/xml;q=0.9,image/webp,image/apng,*/*;q=0.8,application/signed-exchange;v=b3',
  'sec-fetch-site' => 'none',
  'accept-encoding' => 'gzip, deflate, br',
  'accept-language' => 'zh-CN,zh;q=0.9,en;q=0.8',
  'cookie' => '_ga=GA1.1.516496421.1528078385; Hm_lvt_b7505e2c3435202aefff08444fa0c05c=1561769857; PHPSESSID=clle9mn5dv54k18dffe5m8qka8; is_login=0; is_bg=1',
)
[ info ] [ PARAM ] array (
  '/wap' => '',
)
[ info ] [ BEHAVIOR ] Run behavior\wap\WapBehavior @wap_init [ RunTime:0.000000s ]
[ info ] [ SESSION ] INIT array (
  'prefix' => 'wap',
  'type' => '',
  'auto_start' => true,
)
[ info ] [ DB ] INIT mysql
[ info ] [ LOG ] INIT File
---------------------------------------------------------------
[ 2019-10-24T11:17:07+08:00 ] 0.0.0.0 GET localhost:8888/wap/login/index.html?ref=aHR0cDovL2xvY2FsaG9zdDo4ODg4L3dhcA==
[运行时间：0.205012s] [吞吐率：4.88req/s] [内存消耗：6,093.20kb] [文件加载：205]
[ info ] [ LANG ] D:\AppServ\www\thinkphp\lang\zh-cn.php
[ info ] [ ROUTE ] array (
  'type' => 'module',
  'module' => 
  array (
    0 => 'wap',
    1 => 'login',
    2 => 'index',
  ),
)
[ info ] [ HEADER ] array (
  'host' => 'localhost:8888',
  'connection' => 'keep-alive',
  'upgrade-insecure-requests' => '1',
  'user-agent' => 'Mozilla/5.0 (Windows NT 6.1; Win64; x64) AppleWebKit/537.36 (KHTML, like Gecko) Chrome/77.0.3865.120 Safari/537.36',
  'sec-fetch-mode' => 'navigate',
  'sec-fetch-user' => '?1',
  'accept' => 'text/html,application/xhtml+xml,application/xml;q=0.9,image/webp,image/apng,*/*;q=0.8,application/signed-exchange;v=b3',
  'sec-fetch-site' => 'none',
  'accept-encoding' => 'gzip, deflate, br',
  'accept-language' => 'zh-CN,zh;q=0.9,en;q=0.8',
  'cookie' => '_ga=GA1.1.516496421.1528078385; Hm_lvt_b7505e2c3435202aefff08444fa0c05c=1561769857; PHPSESSID=clle9mn5dv54k18dffe5m8qka8; is_login=0; is_bg=1',
)
[ info ] [ PARAM ] array (
  '/wap/login/index_html' => '',
  'ref' => 'aHR0cDovL2xvY2FsaG9zdDo4ODg4L3dhcA==',
)
[ info ] [ BEHAVIOR ] Run behavior\wap\WapBehavior @wap_init [ RunTime:0.000000s ]
[ info ] [ RUN ] app\wap\controller\Login->index[ D:\AppServ\www\application\wap\controller\Login.php ]
[ info ] [ VIEW ] D:\AppServ\www/application/wap/view/first/login\index.html [ array (
  0 => 'ref',
) ]
[ info ] [ DB ] INIT mysql
[ info ] [ LOG ] INIT File
---------------------------------------------------------------
[ 2019-10-24T11:17:26+08:00 ] 0.0.0.0 GET localhost:8888/wap/login/index.html?ref=aHR0cDovL2xvY2FsaG9zdDo4ODg4L3dhcA==
[运行时间：0.212012s] [吞吐率：4.72req/s] [内存消耗：6,093.40kb] [文件加载：205]
[ info ] [ LANG ] D:\AppServ\www\thinkphp\lang\zh-cn.php
[ info ] [ ROUTE ] array (
  'type' => 'module',
  'module' => 
  array (
    0 => 'wap',
    1 => 'login',
    2 => 'index',
  ),
)
[ info ] [ HEADER ] array (
  'host' => 'localhost:8888',
  'connection' => 'keep-alive',
  'cache-control' => 'max-age=0',
  'upgrade-insecure-requests' => '1',
  'user-agent' => 'Mozilla/5.0 (Windows NT 6.1; Win64; x64) AppleWebKit/537.36 (KHTML, like Gecko) Chrome/77.0.3865.120 Safari/537.36',
  'sec-fetch-mode' => 'navigate',
  'sec-fetch-user' => '?1',
  'accept' => 'text/html,application/xhtml+xml,application/xml;q=0.9,image/webp,image/apng,*/*;q=0.8,application/signed-exchange;v=b3',
  'sec-fetch-site' => 'none',
  'accept-encoding' => 'gzip, deflate, br',
  'accept-language' => 'zh-CN,zh;q=0.9,en;q=0.8',
  'cookie' => '_ga=GA1.1.516496421.1528078385; Hm_lvt_b7505e2c3435202aefff08444fa0c05c=1561769857; PHPSESSID=clle9mn5dv54k18dffe5m8qka8; is_login=0; is_bg=1',
)
[ info ] [ PARAM ] array (
  '/wap/login/index_html' => '',
  'ref' => 'aHR0cDovL2xvY2FsaG9zdDo4ODg4L3dhcA==',
)
[ info ] [ BEHAVIOR ] Run behavior\wap\WapBehavior @wap_init [ RunTime:0.000000s ]
[ info ] [ RUN ] app\wap\controller\Login->index[ D:\AppServ\www\application\wap\controller\Login.php ]
[ info ] [ VIEW ] D:\AppServ\www/application/wap/view/first/login\index.html [ array (
  0 => 'ref',
) ]
[ info ] [ DB ] INIT mysql
[ info ] [ LOG ] INIT File
---------------------------------------------------------------
[ 2019-10-24T11:17:52+08:00 ] 0.0.0.0 GET localhost:8888/wap/
[运行时间：0.315018s] [吞吐率：3.17req/s] [内存消耗：3,436.73kb] [文件加载：120]
[ info ] [ LANG ] D:\AppServ\www\thinkphp\lang\zh-cn.php
[ info ] [ ROUTE ] array (
  'type' => 'module',
  'module' => 
  array (
    0 => 'wap',
    1 => NULL,
    2 => NULL,
  ),
)
[ info ] [ HEADER ] array (
  'host' => 'localhost:8888',
  'connection' => 'keep-alive',
  'upgrade-insecure-requests' => '1',
  'user-agent' => 'Mozilla/5.0 (Windows NT 6.1; Win64; x64) AppleWebKit/537.36 (KHTML, like Gecko) Chrome/77.0.3865.120 Safari/537.36',
  'sec-fetch-mode' => 'navigate',
  'sec-fetch-user' => '?1',
  'accept' => 'text/html,application/xhtml+xml,application/xml;q=0.9,image/webp,image/apng,*/*;q=0.8,application/signed-exchange;v=b3',
  'sec-fetch-site' => 'none',
  'accept-encoding' => 'gzip, deflate, br',
  'accept-language' => 'zh-CN,zh;q=0.9,en;q=0.8',
  'cookie' => '_ga=GA1.1.516496421.1528078385; Hm_lvt_b7505e2c3435202aefff08444fa0c05c=1561769857; PHPSESSID=clle9mn5dv54k18dffe5m8qka8; is_login=0; is_bg=1',
)
[ info ] [ PARAM ] array (
  '/wap/' => '',
)
[ info ] [ BEHAVIOR ] Run behavior\wap\WapBehavior @wap_init [ RunTime:0.000000s ]
[ info ] [ SESSION ] INIT array (
  'prefix' => 'wap',
  'type' => '',
  'auto_start' => true,
)
[ info ] [ DB ] INIT mysql
[ info ] [ LOG ] INIT File
---------------------------------------------------------------
[ 2019-10-24T11:17:52+08:00 ] 0.0.0.0 GET localhost:8888/wap/login/index.html?ref=aHR0cDovL2xvY2FsaG9zdDo4ODg4L3dhcC8=
[运行时间：0.195011s] [吞吐率：5.13req/s] [内存消耗：6,093.20kb] [文件加载：205]
[ info ] [ LANG ] D:\AppServ\www\thinkphp\lang\zh-cn.php
[ info ] [ ROUTE ] array (
  'type' => 'module',
  'module' => 
  array (
    0 => 'wap',
    1 => 'login',
    2 => 'index',
  ),
)
[ info ] [ HEADER ] array (
  'host' => 'localhost:8888',
  'connection' => 'keep-alive',
  'upgrade-insecure-requests' => '1',
  'user-agent' => 'Mozilla/5.0 (Windows NT 6.1; Win64; x64) AppleWebKit/537.36 (KHTML, like Gecko) Chrome/77.0.3865.120 Safari/537.36',
  'sec-fetch-mode' => 'navigate',
  'sec-fetch-user' => '?1',
  'accept' => 'text/html,application/xhtml+xml,application/xml;q=0.9,image/webp,image/apng,*/*;q=0.8,application/signed-exchange;v=b3',
  'sec-fetch-site' => 'none',
  'accept-encoding' => 'gzip, deflate, br',
  'accept-language' => 'zh-CN,zh;q=0.9,en;q=0.8',
  'cookie' => '_ga=GA1.1.516496421.1528078385; Hm_lvt_b7505e2c3435202aefff08444fa0c05c=1561769857; PHPSESSID=clle9mn5dv54k18dffe5m8qka8; is_login=0; is_bg=1',
)
[ info ] [ PARAM ] array (
  '/wap/login/index_html' => '',
  'ref' => 'aHR0cDovL2xvY2FsaG9zdDo4ODg4L3dhcC8=',
)
[ info ] [ BEHAVIOR ] Run behavior\wap\WapBehavior @wap_init [ RunTime:0.000000s ]
[ info ] [ RUN ] app\wap\controller\Login->index[ D:\AppServ\www\application\wap\controller\Login.php ]
[ info ] [ VIEW ] D:\AppServ\www/application/wap/view/first/login\index.html [ array (
  0 => 'ref',
) ]
[ info ] [ DB ] INIT mysql
[ info ] [ LOG ] INIT File
---------------------------------------------------------------
[ 2019-10-24T13:25:32+08:00 ] 127.0.0.1 GET 127.0.0.1:8888/?XDEBUG_SESSION_START=19092
[运行时间：0.089005s] [吞吐率：11.24req/s] [内存消耗：3,235.03kb] [文件加载：112]
[ info ] [ LANG ] D:\AppServ\www\thinkphp\lang\zh-cn.php
[ info ] [ ROUTE ] array (
  'type' => 'module',
  'module' => 
  array (
    0 => '',
    1 => NULL,
    2 => NULL,
  ),
)
[ info ] [ HEADER ] array (
  'host' => '127.0.0.1:8888',
  'connection' => 'keep-alive',
  'upgrade-insecure-requests' => '1',
  'user-agent' => 'Mozilla/5.0 (Windows NT 6.1; Win64; x64) AppleWebKit/537.36 (KHTML, like Gecko) Chrome/77.0.3865.120 Safari/537.36',
  'sec-fetch-mode' => 'navigate',
  'sec-fetch-user' => '?1',
  'accept' => 'text/html,application/xhtml+xml,application/xml;q=0.9,image/webp,image/apng,*/*;q=0.8,application/signed-exchange;v=b3',
  'sec-fetch-site' => 'none',
  'accept-encoding' => 'gzip, deflate, br',
  'accept-language' => 'zh-CN,zh;q=0.9,en;q=0.8',
  'cookie' => 'PHPSESSID=bmh8rkevt79bbqiiqifopbtsp2; is_login=0; is_bg=1',
)
[ info ] [ PARAM ] array (
  'XDEBUG_SESSION_START' => '19092',
)
[ info ] [ SESSION ] INIT array (
  'prefix' => 'admin',
  'type' => '',
  'auto_start' => true,
)
[ info ] [ LOG ] INIT File
---------------------------------------------------------------
[ 2019-10-24T13:25:32+08:00 ] 127.0.0.1 GET 127.0.0.1:8888/admin/login/index.html
[运行时间：0.038003s] [吞吐率：26.31req/s] [内存消耗：2,617.06kb] [文件加载：106]
[ info ] [ LANG ] D:\AppServ\www\thinkphp\lang\zh-cn.php
[ info ] [ ROUTE ] array (
  'type' => 'module',
  'module' => 
  array (
    0 => 'admin',
    1 => 'login',
    2 => 'index',
  ),
)
[ info ] [ HEADER ] array (
  'host' => '127.0.0.1:8888',
  'connection' => 'keep-alive',
  'upgrade-insecure-requests' => '1',
  'user-agent' => 'Mozilla/5.0 (Windows NT 6.1; Win64; x64) AppleWebKit/537.36 (KHTML, like Gecko) Chrome/77.0.3865.120 Safari/537.36',
  'sec-fetch-mode' => 'navigate',
  'sec-fetch-user' => '?1',
  'accept' => 'text/html,application/xhtml+xml,application/xml;q=0.9,image/webp,image/apng,*/*;q=0.8,application/signed-exchange;v=b3',
  'sec-fetch-site' => 'none',
  'accept-encoding' => 'gzip, deflate, br',
  'accept-language' => 'zh-CN,zh;q=0.9,en;q=0.8',
  'cookie' => 'PHPSESSID=bmh8rkevt79bbqiiqifopbtsp2; is_login=0; is_bg=1; XDEBUG_SESSION=19092',
)
[ info ] [ PARAM ] array (
  '/admin/login/index_html' => '',
)
[ info ] [ RUN ] app\admin\controller\Login->index[ D:\AppServ\www\application\admin\controller\Login.php ]
[ info ] [ VIEW ] D:\AppServ\www/application/admin\view\login\index.php [ array (
) ]
[ info ] [ LOG ] INIT File
---------------------------------------------------------------
[ 2019-10-24T13:25:32+08:00 ] 127.0.0.1 GET 127.0.0.1:8888/admin/login/captcha.html
[运行时间：0.053003s] [吞吐率：18.87req/s] [内存消耗：2,614.17kb] [文件加载：105]
[ info ] [ LANG ] D:\AppServ\www\thinkphp\lang\zh-cn.php
[ info ] [ ROUTE ] array (
  'type' => 'module',
  'module' => 
  array (
    0 => 'admin',
    1 => 'login',
    2 => 'captcha',
  ),
)
[ info ] [ HEADER ] array (
  'host' => '127.0.0.1:8888',
  'connection' => 'keep-alive',
  'sec-fetch-mode' => 'no-cors',
  'user-agent' => 'Mozilla/5.0 (Windows NT 6.1; Win64; x64) AppleWebKit/537.36 (KHTML, like Gecko) Chrome/77.0.3865.120 Safari/537.36',
  'accept' => 'image/webp,image/apng,image/*,*/*;q=0.8',
  'sec-fetch-site' => 'same-origin',
  'referer' => 'http://127.0.0.1:8888/admin/login/index.html',
  'accept-encoding' => 'gzip, deflate, br',
  'accept-language' => 'zh-CN,zh;q=0.9,en;q=0.8',
  'cookie' => 'PHPSESSID=bmh8rkevt79bbqiiqifopbtsp2; is_login=0; is_bg=1; XDEBUG_SESSION=19092',
)
[ info ] [ PARAM ] array (
  '/admin/login/captcha_html' => '',
)
[ info ] [ RUN ] app\admin\controller\Login->captcha[ D:\AppServ\www\application\admin\controller\Login.php ]
[ info ] [ SESSION ] INIT array (
  'prefix' => 'admin',
  'type' => '',
  'auto_start' => true,
)
[ info ] [ LOG ] INIT File
---------------------------------------------------------------
[ 2019-10-24T13:25:37+08:00 ] 127.0.0.1 GET 127.0.0.1:8888/wap
[运行时间：0.043003s] [吞吐率：23.25req/s] [内存消耗：3,153.16kb] [文件加载：117]
[ info ] [ LANG ] D:\AppServ\www\thinkphp\lang\zh-cn.php
[ info ] [ ROUTE ] array (
  'type' => 'module',
  'module' => 
  array (
    0 => 'wap',
    1 => NULL,
    2 => NULL,
  ),
)
[ info ] [ HEADER ] array (
  'host' => '127.0.0.1:8888',
  'connection' => 'keep-alive',
  'upgrade-insecure-requests' => '1',
  'user-agent' => 'Mozilla/5.0 (Windows NT 6.1; Win64; x64) AppleWebKit/537.36 (KHTML, like Gecko) Chrome/77.0.3865.120 Safari/537.36',
  'sec-fetch-mode' => 'navigate',
  'sec-fetch-user' => '?1',
  'accept' => 'text/html,application/xhtml+xml,application/xml;q=0.9,image/webp,image/apng,*/*;q=0.8,application/signed-exchange;v=b3',
  'purpose' => 'prefetch',
  'sec-fetch-site' => 'none',
  'accept-encoding' => 'gzip, deflate, br',
  'accept-language' => 'zh-CN,zh;q=0.9,en;q=0.8',
  'cookie' => 'PHPSESSID=bmh8rkevt79bbqiiqifopbtsp2; is_login=0; is_bg=1; XDEBUG_SESSION=19092',
)
[ info ] [ PARAM ] array (
  '/wap' => '',
)
[ info ] [ BEHAVIOR ] Run behavior\wap\WapBehavior @wap_init [ RunTime:0.000000s ]
[ info ] [ SESSION ] INIT array (
  'prefix' => 'wap',
  'type' => '',
  'auto_start' => true,
)
[ info ] [ LOG ] INIT File
---------------------------------------------------------------
[ 2019-10-24T13:25:37+08:00 ] 127.0.0.1 GET 127.0.0.1:8888/wap/login/index.html?ref=aHR0cDovLzEyNy4wLjAuMTo4ODg4L3dhcA==
[运行时间：0.220012s] [吞吐率：4.55req/s] [内存消耗：6,093.06kb] [文件加载：205]
[ info ] [ LANG ] D:\AppServ\www\thinkphp\lang\zh-cn.php
[ info ] [ ROUTE ] array (
  'type' => 'module',
  'module' => 
  array (
    0 => 'wap',
    1 => 'login',
    2 => 'index',
  ),
)
[ info ] [ HEADER ] array (
  'host' => '127.0.0.1:8888',
  'connection' => 'keep-alive',
  'upgrade-insecure-requests' => '1',
  'user-agent' => 'Mozilla/5.0 (Windows NT 6.1; Win64; x64) AppleWebKit/537.36 (KHTML, like Gecko) Chrome/77.0.3865.120 Safari/537.36',
  'sec-fetch-mode' => 'navigate',
  'sec-fetch-user' => '?1',
  'accept' => 'text/html,application/xhtml+xml,application/xml;q=0.9,image/webp,image/apng,*/*;q=0.8,application/signed-exchange;v=b3',
  'purpose' => 'prefetch',
  'sec-fetch-site' => 'none',
  'accept-encoding' => 'gzip, deflate, br',
  'accept-language' => 'zh-CN,zh;q=0.9,en;q=0.8',
  'cookie' => 'PHPSESSID=bmh8rkevt79bbqiiqifopbtsp2; is_login=0; is_bg=1; XDEBUG_SESSION=19092',
)
[ info ] [ PARAM ] array (
  '/wap/login/index_html' => '',
  'ref' => 'aHR0cDovLzEyNy4wLjAuMTo4ODg4L3dhcA==',
)
[ info ] [ BEHAVIOR ] Run behavior\wap\WapBehavior @wap_init [ RunTime:0.000000s ]
[ info ] [ RUN ] app\wap\controller\Login->index[ D:\AppServ\www\application\wap\controller\Login.php ]
[ info ] [ VIEW ] D:\AppServ\www/application/wap/view/first/login\index.html [ array (
  0 => 'ref',
) ]
[ info ] [ DB ] INIT mysql
[ info ] [ LOG ] INIT File
---------------------------------------------------------------
[ 2019-10-24T14:00:23+08:00 ] 127.0.0.1 GET 127.0.0.1:8888/?XDEBUG_SESSION_START=14528
[运行时间：0.049003s] [吞吐率：20.41req/s] [内存消耗：3,235.05kb] [文件加载：112]
[ info ] [ LANG ] D:\AppServ\www\thinkphp\lang\zh-cn.php
[ info ] [ ROUTE ] array (
  'type' => 'module',
  'module' => 
  array (
    0 => '',
    1 => NULL,
    2 => NULL,
  ),
)
[ info ] [ HEADER ] array (
  'host' => '127.0.0.1:8888',
  'connection' => 'keep-alive',
  'upgrade-insecure-requests' => '1',
  'user-agent' => 'Mozilla/5.0 (Windows NT 6.1; Win64; x64) AppleWebKit/537.36 (KHTML, like Gecko) Chrome/77.0.3865.120 Safari/537.36',
  'sec-fetch-mode' => 'navigate',
  'sec-fetch-user' => '?1',
  'accept' => 'text/html,application/xhtml+xml,application/xml;q=0.9,image/webp,image/apng,*/*;q=0.8,application/signed-exchange;v=b3',
  'sec-fetch-site' => 'none',
  'accept-encoding' => 'gzip, deflate, br',
  'accept-language' => 'zh-CN,zh;q=0.9,en;q=0.8',
  'cookie' => 'PHPSESSID=bmh8rkevt79bbqiiqifopbtsp2; is_login=0; is_bg=1; XDEBUG_SESSION=19092',
)
[ info ] [ PARAM ] array (
  'XDEBUG_SESSION_START' => '14528',
)
[ info ] [ SESSION ] INIT array (
  'prefix' => 'admin',
  'type' => '',
  'auto_start' => true,
)
[ info ] [ LOG ] INIT File
---------------------------------------------------------------
[ 2019-10-24T14:00:23+08:00 ] 127.0.0.1 GET 127.0.0.1:8888/admin/login/index.html
[运行时间：0.036002s] [吞吐率：27.78req/s] [内存消耗：2,617.06kb] [文件加载：106]
[ info ] [ LANG ] D:\AppServ\www\thinkphp\lang\zh-cn.php
[ info ] [ ROUTE ] array (
  'type' => 'module',
  'module' => 
  array (
    0 => 'admin',
    1 => 'login',
    2 => 'index',
  ),
)
[ info ] [ HEADER ] array (
  'host' => '127.0.0.1:8888',
  'connection' => 'keep-alive',
  'upgrade-insecure-requests' => '1',
  'user-agent' => 'Mozilla/5.0 (Windows NT 6.1; Win64; x64) AppleWebKit/537.36 (KHTML, like Gecko) Chrome/77.0.3865.120 Safari/537.36',
  'sec-fetch-mode' => 'navigate',
  'sec-fetch-user' => '?1',
  'accept' => 'text/html,application/xhtml+xml,application/xml;q=0.9,image/webp,image/apng,*/*;q=0.8,application/signed-exchange;v=b3',
  'sec-fetch-site' => 'none',
  'accept-encoding' => 'gzip, deflate, br',
  'accept-language' => 'zh-CN,zh;q=0.9,en;q=0.8',
  'cookie' => 'PHPSESSID=bmh8rkevt79bbqiiqifopbtsp2; is_login=0; is_bg=1; XDEBUG_SESSION=14528',
)
[ info ] [ PARAM ] array (
  '/admin/login/index_html' => '',
)
[ info ] [ RUN ] app\admin\controller\Login->index[ D:\AppServ\www\application\admin\controller\Login.php ]
[ info ] [ VIEW ] D:\AppServ\www/application/admin\view\login\index.php [ array (
) ]
[ info ] [ LOG ] INIT File
---------------------------------------------------------------
[ 2019-10-24T14:00:24+08:00 ] 127.0.0.1 GET 127.0.0.1:8888/admin/login/captcha.html
[运行时间：0.071004s] [吞吐率：14.08req/s] [内存消耗：2,614.17kb] [文件加载：105]
[ info ] [ LANG ] D:\AppServ\www\thinkphp\lang\zh-cn.php
[ info ] [ ROUTE ] array (
  'type' => 'module',
  'module' => 
  array (
    0 => 'admin',
    1 => 'login',
    2 => 'captcha',
  ),
)
[ info ] [ HEADER ] array (
  'host' => '127.0.0.1:8888',
  'connection' => 'keep-alive',
  'sec-fetch-mode' => 'no-cors',
  'user-agent' => 'Mozilla/5.0 (Windows NT 6.1; Win64; x64) AppleWebKit/537.36 (KHTML, like Gecko) Chrome/77.0.3865.120 Safari/537.36',
  'accept' => 'image/webp,image/apng,image/*,*/*;q=0.8',
  'sec-fetch-site' => 'same-origin',
  'referer' => 'http://127.0.0.1:8888/admin/login/index.html',
  'accept-encoding' => 'gzip, deflate, br',
  'accept-language' => 'zh-CN,zh;q=0.9,en;q=0.8',
  'cookie' => 'PHPSESSID=bmh8rkevt79bbqiiqifopbtsp2; is_login=0; is_bg=1; XDEBUG_SESSION=14528',
)
[ info ] [ PARAM ] array (
  '/admin/login/captcha_html' => '',
)
[ info ] [ RUN ] app\admin\controller\Login->captcha[ D:\AppServ\www\application\admin\controller\Login.php ]
[ info ] [ SESSION ] INIT array (
  'prefix' => 'admin',
  'type' => '',
  'auto_start' => true,
)
[ info ] [ LOG ] INIT File
---------------------------------------------------------------
[ 2019-10-24T14:00:28+08:00 ] 127.0.0.1 GET 127.0.0.1:8888/wap
[运行时间：0.042002s] [吞吐率：23.81req/s] [内存消耗：3,153.16kb] [文件加载：117]
[ info ] [ LANG ] D:\AppServ\www\thinkphp\lang\zh-cn.php
[ info ] [ ROUTE ] array (
  'type' => 'module',
  'module' => 
  array (
    0 => 'wap',
    1 => NULL,
    2 => NULL,
  ),
)
[ info ] [ HEADER ] array (
  'host' => '127.0.0.1:8888',
  'connection' => 'keep-alive',
  'upgrade-insecure-requests' => '1',
  'user-agent' => 'Mozilla/5.0 (Windows NT 6.1; Win64; x64) AppleWebKit/537.36 (KHTML, like Gecko) Chrome/77.0.3865.120 Safari/537.36',
  'sec-fetch-mode' => 'navigate',
  'sec-fetch-user' => '?1',
  'accept' => 'text/html,application/xhtml+xml,application/xml;q=0.9,image/webp,image/apng,*/*;q=0.8,application/signed-exchange;v=b3',
  'purpose' => 'prefetch',
  'sec-fetch-site' => 'none',
  'accept-encoding' => 'gzip, deflate, br',
  'accept-language' => 'zh-CN,zh;q=0.9,en;q=0.8',
  'cookie' => 'PHPSESSID=bmh8rkevt79bbqiiqifopbtsp2; is_login=0; is_bg=1; XDEBUG_SESSION=14528',
)
[ info ] [ PARAM ] array (
  '/wap' => '',
)
[ info ] [ BEHAVIOR ] Run behavior\wap\WapBehavior @wap_init [ RunTime:0.000000s ]
[ info ] [ SESSION ] INIT array (
  'prefix' => 'wap',
  'type' => '',
  'auto_start' => true,
)
[ info ] [ LOG ] INIT File
---------------------------------------------------------------
[ 2019-10-24T14:00:39+08:00 ] 127.0.0.1 GET 127.0.0.1:8888/wap/login/index.html?ref=aHR0cDovLzEyNy4wLjAuMTo4ODg4L3dhcA==
[运行时间：11.199640s] [吞吐率：0.09req/s] [内存消耗：2,681.86kb] [文件加载：107]
[ info ] [ LANG ] D:\AppServ\www\thinkphp\lang\zh-cn.php
[ info ] [ ROUTE ] array (
  'type' => 'module',
  'module' => 
  array (
    0 => 'wap',
    1 => 'login',
    2 => 'index',
  ),
)
[ info ] [ HEADER ] array (
  'host' => '127.0.0.1:8888',
  'connection' => 'keep-alive',
  'upgrade-insecure-requests' => '1',
  'user-agent' => 'Mozilla/5.0 (Windows NT 6.1; Win64; x64) AppleWebKit/537.36 (KHTML, like Gecko) Chrome/77.0.3865.120 Safari/537.36',
  'sec-fetch-mode' => 'navigate',
  'sec-fetch-user' => '?1',
  'accept' => 'text/html,application/xhtml+xml,application/xml;q=0.9,image/webp,image/apng,*/*;q=0.8,application/signed-exchange;v=b3',
  'purpose' => 'prefetch',
  'sec-fetch-site' => 'none',
  'accept-encoding' => 'gzip, deflate, br',
  'accept-language' => 'zh-CN,zh;q=0.9,en;q=0.8',
  'cookie' => 'PHPSESSID=bmh8rkevt79bbqiiqifopbtsp2; is_login=0; is_bg=1; XDEBUG_SESSION=14528',
)
[ info ] [ PARAM ] array (
  '/wap/login/index_html' => '',
  'ref' => 'aHR0cDovLzEyNy4wLjAuMTo4ODg4L3dhcA==',
)
[ info ] [ BEHAVIOR ] Run behavior\wap\WapBehavior @wap_init [ RunTime:0.000000s ]
[ info ] [ RUN ] app\wap\controller\Login->index[ D:\AppServ\www\application\wap\controller\Login.php ]
[ info ] [ LOG ] INIT File
---------------------------------------------------------------
[ 2019-10-24T14:06:40+08:00 ] 127.0.0.1 GET 127.0.0.1:8888/?XDEBUG_SESSION_START=13146
[运行时间：0.076005s] [吞吐率：13.16req/s] [内存消耗：3,235.05kb] [文件加载：112]
[ info ] [ LANG ] D:\AppServ\www\thinkphp\lang\zh-cn.php
[ info ] [ ROUTE ] array (
  'type' => 'module',
  'module' => 
  array (
    0 => '',
    1 => NULL,
    2 => NULL,
  ),
)
[ info ] [ HEADER ] array (
  'host' => '127.0.0.1:8888',
  'connection' => 'keep-alive',
  'upgrade-insecure-requests' => '1',
  'user-agent' => 'Mozilla/5.0 (Windows NT 6.1; Win64; x64) AppleWebKit/537.36 (KHTML, like Gecko) Chrome/77.0.3865.120 Safari/537.36',
  'sec-fetch-mode' => 'navigate',
  'sec-fetch-user' => '?1',
  'accept' => 'text/html,application/xhtml+xml,application/xml;q=0.9,image/webp,image/apng,*/*;q=0.8,application/signed-exchange;v=b3',
  'sec-fetch-site' => 'none',
  'accept-encoding' => 'gzip, deflate, br',
  'accept-language' => 'zh-CN,zh;q=0.9,en;q=0.8',
  'cookie' => 'PHPSESSID=bmh8rkevt79bbqiiqifopbtsp2; is_login=0; is_bg=1; XDEBUG_SESSION=14528',
)
[ info ] [ PARAM ] array (
  'XDEBUG_SESSION_START' => '13146',
)
[ info ] [ SESSION ] INIT array (
  'prefix' => 'admin',
  'type' => '',
  'auto_start' => true,
)
[ info ] [ LOG ] INIT File
---------------------------------------------------------------
[ 2019-10-24T14:06:40+08:00 ] 127.0.0.1 GET 127.0.0.1:8888/admin/login/index.html
[运行时间：0.038002s] [吞吐率：26.31req/s] [内存消耗：2,617.06kb] [文件加载：106]
[ info ] [ LANG ] D:\AppServ\www\thinkphp\lang\zh-cn.php
[ info ] [ ROUTE ] array (
  'type' => 'module',
  'module' => 
  array (
    0 => 'admin',
    1 => 'login',
    2 => 'index',
  ),
)
[ info ] [ HEADER ] array (
  'host' => '127.0.0.1:8888',
  'connection' => 'keep-alive',
  'upgrade-insecure-requests' => '1',
  'user-agent' => 'Mozilla/5.0 (Windows NT 6.1; Win64; x64) AppleWebKit/537.36 (KHTML, like Gecko) Chrome/77.0.3865.120 Safari/537.36',
  'sec-fetch-mode' => 'navigate',
  'sec-fetch-user' => '?1',
  'accept' => 'text/html,application/xhtml+xml,application/xml;q=0.9,image/webp,image/apng,*/*;q=0.8,application/signed-exchange;v=b3',
  'sec-fetch-site' => 'none',
  'accept-encoding' => 'gzip, deflate, br',
  'accept-language' => 'zh-CN,zh;q=0.9,en;q=0.8',
  'cookie' => 'PHPSESSID=bmh8rkevt79bbqiiqifopbtsp2; is_login=0; is_bg=1; XDEBUG_SESSION=13146',
)
[ info ] [ PARAM ] array (
  '/admin/login/index_html' => '',
)
[ info ] [ RUN ] app\admin\controller\Login->index[ D:\AppServ\www\application\admin\controller\Login.php ]
[ info ] [ VIEW ] D:\AppServ\www/application/admin\view\login\index.php [ array (
) ]
[ info ] [ LOG ] INIT File
---------------------------------------------------------------
[ 2019-10-24T14:06:41+08:00 ] 127.0.0.1 GET 127.0.0.1:8888/admin/login/captcha.html
[运行时间：0.041003s] [吞吐率：24.39req/s] [内存消耗：2,614.17kb] [文件加载：105]
[ info ] [ LANG ] D:\AppServ\www\thinkphp\lang\zh-cn.php
[ info ] [ ROUTE ] array (
  'type' => 'module',
  'module' => 
  array (
    0 => 'admin',
    1 => 'login',
    2 => 'captcha',
  ),
)
[ info ] [ HEADER ] array (
  'host' => '127.0.0.1:8888',
  'connection' => 'keep-alive',
  'sec-fetch-mode' => 'no-cors',
  'user-agent' => 'Mozilla/5.0 (Windows NT 6.1; Win64; x64) AppleWebKit/537.36 (KHTML, like Gecko) Chrome/77.0.3865.120 Safari/537.36',
  'accept' => 'image/webp,image/apng,image/*,*/*;q=0.8',
  'sec-fetch-site' => 'same-origin',
  'referer' => 'http://127.0.0.1:8888/admin/login/index.html',
  'accept-encoding' => 'gzip, deflate, br',
  'accept-language' => 'zh-CN,zh;q=0.9,en;q=0.8',
  'cookie' => 'PHPSESSID=bmh8rkevt79bbqiiqifopbtsp2; is_login=0; is_bg=1; XDEBUG_SESSION=13146',
)
[ info ] [ PARAM ] array (
  '/admin/login/captcha_html' => '',
)
[ info ] [ RUN ] app\admin\controller\Login->captcha[ D:\AppServ\www\application\admin\controller\Login.php ]
[ info ] [ SESSION ] INIT array (
  'prefix' => 'admin',
  'type' => '',
  'auto_start' => true,
)
[ info ] [ LOG ] INIT File
---------------------------------------------------------------
[ 2019-10-24T14:06:45+08:00 ] 127.0.0.1 GET 127.0.0.1:8888/wap
[运行时间：0.043002s] [吞吐率：23.25req/s] [内存消耗：3,153.16kb] [文件加载：117]
[ info ] [ LANG ] D:\AppServ\www\thinkphp\lang\zh-cn.php
[ info ] [ ROUTE ] array (
  'type' => 'module',
  'module' => 
  array (
    0 => 'wap',
    1 => NULL,
    2 => NULL,
  ),
)
[ info ] [ HEADER ] array (
  'host' => '127.0.0.1:8888',
  'connection' => 'keep-alive',
  'upgrade-insecure-requests' => '1',
  'user-agent' => 'Mozilla/5.0 (Windows NT 6.1; Win64; x64) AppleWebKit/537.36 (KHTML, like Gecko) Chrome/77.0.3865.120 Safari/537.36',
  'sec-fetch-mode' => 'navigate',
  'sec-fetch-user' => '?1',
  'accept' => 'text/html,application/xhtml+xml,application/xml;q=0.9,image/webp,image/apng,*/*;q=0.8,application/signed-exchange;v=b3',
  'purpose' => 'prefetch',
  'sec-fetch-site' => 'none',
  'accept-encoding' => 'gzip, deflate, br',
  'accept-language' => 'zh-CN,zh;q=0.9,en;q=0.8',
  'cookie' => 'PHPSESSID=bmh8rkevt79bbqiiqifopbtsp2; is_login=0; is_bg=1; XDEBUG_SESSION=13146',
)
[ info ] [ PARAM ] array (
  '/wap' => '',
)
[ info ] [ BEHAVIOR ] Run behavior\wap\WapBehavior @wap_init [ RunTime:0.000000s ]
[ info ] [ SESSION ] INIT array (
  'prefix' => 'wap',
  'type' => '',
  'auto_start' => true,
)
[ info ] [ LOG ] INIT File
---------------------------------------------------------------
[ 2019-10-24T14:06:58+08:00 ] 127.0.0.1 GET 127.0.0.1:8888/wap/login/index.html?ref=aHR0cDovLzEyNy4wLjAuMTo4ODg4L3dhcA==
[运行时间：12.949740s] [吞吐率：0.08req/s] [内存消耗：2,577.29kb] [文件加载：106]
[ info ] [ LANG ] D:\AppServ\www\thinkphp\lang\zh-cn.php
[ info ] [ ROUTE ] array (
  'type' => 'module',
  'module' => 
  array (
    0 => 'wap',
    1 => 'login',
    2 => 'index',
  ),
)
[ info ] [ HEADER ] array (
  'host' => '127.0.0.1:8888',
  'connection' => 'keep-alive',
  'upgrade-insecure-requests' => '1',
  'user-agent' => 'Mozilla/5.0 (Windows NT 6.1; Win64; x64) AppleWebKit/537.36 (KHTML, like Gecko) Chrome/77.0.3865.120 Safari/537.36',
  'sec-fetch-mode' => 'navigate',
  'sec-fetch-user' => '?1',
  'accept' => 'text/html,application/xhtml+xml,application/xml;q=0.9,image/webp,image/apng,*/*;q=0.8,application/signed-exchange;v=b3',
  'purpose' => 'prefetch',
  'sec-fetch-site' => 'none',
  'accept-encoding' => 'gzip, deflate, br',
  'accept-language' => 'zh-CN,zh;q=0.9,en;q=0.8',
  'cookie' => 'PHPSESSID=bmh8rkevt79bbqiiqifopbtsp2; is_login=0; is_bg=1; XDEBUG_SESSION=13146',
)
[ info ] [ PARAM ] array (
  '/wap/login/index_html' => '',
  'ref' => 'aHR0cDovLzEyNy4wLjAuMTo4ODg4L3dhcA==',
)
[ info ] [ BEHAVIOR ] Run behavior\wap\WapBehavior @wap_init [ RunTime:0.000000s ]
[ info ] [ RUN ] app\wap\controller\Login->index[ D:\AppServ\www\application\wap\controller\Login.php ]
[ info ] [ LOG ] INIT File
---------------------------------------------------------------
[ 2019-10-24T14:07:24+08:00 ] 127.0.0.1 GET 127.0.0.1:8888/?XDEBUG_SESSION_START=19505
[运行时间：0.041003s] [吞吐率：24.39req/s] [内存消耗：3,235.05kb] [文件加载：112]
[ info ] [ LANG ] D:\AppServ\www\thinkphp\lang\zh-cn.php
[ info ] [ ROUTE ] array (
  'type' => 'module',
  'module' => 
  array (
    0 => '',
    1 => NULL,
    2 => NULL,
  ),
)
[ info ] [ HEADER ] array (
  'host' => '127.0.0.1:8888',
  'connection' => 'keep-alive',
  'upgrade-insecure-requests' => '1',
  'user-agent' => 'Mozilla/5.0 (Windows NT 6.1; Win64; x64) AppleWebKit/537.36 (KHTML, like Gecko) Chrome/77.0.3865.120 Safari/537.36',
  'sec-fetch-mode' => 'navigate',
  'sec-fetch-user' => '?1',
  'accept' => 'text/html,application/xhtml+xml,application/xml;q=0.9,image/webp,image/apng,*/*;q=0.8,application/signed-exchange;v=b3',
  'sec-fetch-site' => 'none',
  'accept-encoding' => 'gzip, deflate, br',
  'accept-language' => 'zh-CN,zh;q=0.9,en;q=0.8',
  'cookie' => 'PHPSESSID=bmh8rkevt79bbqiiqifopbtsp2; is_login=0; is_bg=1; XDEBUG_SESSION=13146',
)
[ info ] [ PARAM ] array (
  'XDEBUG_SESSION_START' => '19505',
)
[ info ] [ SESSION ] INIT array (
  'prefix' => 'admin',
  'type' => '',
  'auto_start' => true,
)
[ info ] [ LOG ] INIT File
---------------------------------------------------------------
[ 2019-10-24T14:07:24+08:00 ] 127.0.0.1 GET 127.0.0.1:8888/admin/login/index.html
[运行时间：0.038002s] [吞吐率：26.31req/s] [内存消耗：2,617.06kb] [文件加载：106]
[ info ] [ LANG ] D:\AppServ\www\thinkphp\lang\zh-cn.php
[ info ] [ ROUTE ] array (
  'type' => 'module',
  'module' => 
  array (
    0 => 'admin',
    1 => 'login',
    2 => 'index',
  ),
)
[ info ] [ HEADER ] array (
  'host' => '127.0.0.1:8888',
  'connection' => 'keep-alive',
  'upgrade-insecure-requests' => '1',
  'user-agent' => 'Mozilla/5.0 (Windows NT 6.1; Win64; x64) AppleWebKit/537.36 (KHTML, like Gecko) Chrome/77.0.3865.120 Safari/537.36',
  'sec-fetch-mode' => 'navigate',
  'sec-fetch-user' => '?1',
  'accept' => 'text/html,application/xhtml+xml,application/xml;q=0.9,image/webp,image/apng,*/*;q=0.8,application/signed-exchange;v=b3',
  'sec-fetch-site' => 'none',
  'accept-encoding' => 'gzip, deflate, br',
  'accept-language' => 'zh-CN,zh;q=0.9,en;q=0.8',
  'cookie' => 'PHPSESSID=bmh8rkevt79bbqiiqifopbtsp2; is_login=0; is_bg=1; XDEBUG_SESSION=19505',
)
[ info ] [ PARAM ] array (
  '/admin/login/index_html' => '',
)
[ info ] [ RUN ] app\admin\controller\Login->index[ D:\AppServ\www\application\admin\controller\Login.php ]
[ info ] [ VIEW ] D:\AppServ\www/application/admin\view\login\index.php [ array (
) ]
[ info ] [ LOG ] INIT File
---------------------------------------------------------------
[ 2019-10-24T14:07:24+08:00 ] 127.0.0.1 GET 127.0.0.1:8888/admin/login/captcha.html
[运行时间：0.041002s] [吞吐率：24.39req/s] [内存消耗：2,614.17kb] [文件加载：105]
[ info ] [ LANG ] D:\AppServ\www\thinkphp\lang\zh-cn.php
[ info ] [ ROUTE ] array (
  'type' => 'module',
  'module' => 
  array (
    0 => 'admin',
    1 => 'login',
    2 => 'captcha',
  ),
)
[ info ] [ HEADER ] array (
  'host' => '127.0.0.1:8888',
  'connection' => 'keep-alive',
  'sec-fetch-mode' => 'no-cors',
  'user-agent' => 'Mozilla/5.0 (Windows NT 6.1; Win64; x64) AppleWebKit/537.36 (KHTML, like Gecko) Chrome/77.0.3865.120 Safari/537.36',
  'accept' => 'image/webp,image/apng,image/*,*/*;q=0.8',
  'sec-fetch-site' => 'same-origin',
  'referer' => 'http://127.0.0.1:8888/admin/login/index.html',
  'accept-encoding' => 'gzip, deflate, br',
  'accept-language' => 'zh-CN,zh;q=0.9,en;q=0.8',
  'cookie' => 'PHPSESSID=bmh8rkevt79bbqiiqifopbtsp2; is_login=0; is_bg=1; XDEBUG_SESSION=19505',
)
[ info ] [ PARAM ] array (
  '/admin/login/captcha_html' => '',
)
[ info ] [ RUN ] app\admin\controller\Login->captcha[ D:\AppServ\www\application\admin\controller\Login.php ]
[ info ] [ SESSION ] INIT array (
  'prefix' => 'admin',
  'type' => '',
  'auto_start' => true,
)
[ info ] [ LOG ] INIT File
---------------------------------------------------------------
[ 2019-10-24T14:07:58+08:00 ] 127.0.0.1 GET 127.0.0.1:8888/?XDEBUG_SESSION_START=14925
[运行时间：0.052003s] [吞吐率：19.23req/s] [内存消耗：3,235.05kb] [文件加载：112]
[ info ] [ LANG ] D:\AppServ\www\thinkphp\lang\zh-cn.php
[ info ] [ ROUTE ] array (
  'type' => 'module',
  'module' => 
  array (
    0 => '',
    1 => NULL,
    2 => NULL,
  ),
)
[ info ] [ HEADER ] array (
  'host' => '127.0.0.1:8888',
  'connection' => 'keep-alive',
  'upgrade-insecure-requests' => '1',
  'user-agent' => 'Mozilla/5.0 (Windows NT 6.1; Win64; x64) AppleWebKit/537.36 (KHTML, like Gecko) Chrome/77.0.3865.120 Safari/537.36',
  'sec-fetch-mode' => 'navigate',
  'sec-fetch-user' => '?1',
  'accept' => 'text/html,application/xhtml+xml,application/xml;q=0.9,image/webp,image/apng,*/*;q=0.8,application/signed-exchange;v=b3',
  'sec-fetch-site' => 'none',
  'accept-encoding' => 'gzip, deflate, br',
  'accept-language' => 'zh-CN,zh;q=0.9,en;q=0.8',
  'cookie' => 'PHPSESSID=bmh8rkevt79bbqiiqifopbtsp2; is_login=0; is_bg=1; XDEBUG_SESSION=19505',
)
[ info ] [ PARAM ] array (
  'XDEBUG_SESSION_START' => '14925',
)
[ info ] [ SESSION ] INIT array (
  'prefix' => 'admin',
  'type' => '',
  'auto_start' => true,
)
[ info ] [ LOG ] INIT File
---------------------------------------------------------------
[ 2019-10-24T14:07:58+08:00 ] 127.0.0.1 GET 127.0.0.1:8888/admin/login/index.html
[运行时间：0.039003s] [吞吐率：25.64req/s] [内存消耗：2,617.06kb] [文件加载：106]
[ info ] [ LANG ] D:\AppServ\www\thinkphp\lang\zh-cn.php
[ info ] [ ROUTE ] array (
  'type' => 'module',
  'module' => 
  array (
    0 => 'admin',
    1 => 'login',
    2 => 'index',
  ),
)
[ info ] [ HEADER ] array (
  'host' => '127.0.0.1:8888',
  'connection' => 'keep-alive',
  'upgrade-insecure-requests' => '1',
  'user-agent' => 'Mozilla/5.0 (Windows NT 6.1; Win64; x64) AppleWebKit/537.36 (KHTML, like Gecko) Chrome/77.0.3865.120 Safari/537.36',
  'sec-fetch-mode' => 'navigate',
  'sec-fetch-user' => '?1',
  'accept' => 'text/html,application/xhtml+xml,application/xml;q=0.9,image/webp,image/apng,*/*;q=0.8,application/signed-exchange;v=b3',
  'sec-fetch-site' => 'none',
  'accept-encoding' => 'gzip, deflate, br',
  'accept-language' => 'zh-CN,zh;q=0.9,en;q=0.8',
  'cookie' => 'PHPSESSID=bmh8rkevt79bbqiiqifopbtsp2; is_login=0; is_bg=1; XDEBUG_SESSION=14925',
)
[ info ] [ PARAM ] array (
  '/admin/login/index_html' => '',
)
[ info ] [ RUN ] app\admin\controller\Login->index[ D:\AppServ\www\application\admin\controller\Login.php ]
[ info ] [ VIEW ] D:\AppServ\www/application/admin\view\login\index.php [ array (
) ]
[ info ] [ LOG ] INIT File
---------------------------------------------------------------
[ 2019-10-24T14:07:59+08:00 ] 127.0.0.1 GET 127.0.0.1:8888/admin/login/captcha.html
[运行时间：0.042002s] [吞吐率：23.81req/s] [内存消耗：2,614.17kb] [文件加载：105]
[ info ] [ LANG ] D:\AppServ\www\thinkphp\lang\zh-cn.php
[ info ] [ ROUTE ] array (
  'type' => 'module',
  'module' => 
  array (
    0 => 'admin',
    1 => 'login',
    2 => 'captcha',
  ),
)
[ info ] [ HEADER ] array (
  'host' => '127.0.0.1:8888',
  'connection' => 'keep-alive',
  'sec-fetch-mode' => 'no-cors',
  'user-agent' => 'Mozilla/5.0 (Windows NT 6.1; Win64; x64) AppleWebKit/537.36 (KHTML, like Gecko) Chrome/77.0.3865.120 Safari/537.36',
  'accept' => 'image/webp,image/apng,image/*,*/*;q=0.8',
  'sec-fetch-site' => 'same-origin',
  'referer' => 'http://127.0.0.1:8888/admin/login/index.html',
  'accept-encoding' => 'gzip, deflate, br',
  'accept-language' => 'zh-CN,zh;q=0.9,en;q=0.8',
  'cookie' => 'PHPSESSID=bmh8rkevt79bbqiiqifopbtsp2; is_login=0; is_bg=1; XDEBUG_SESSION=14925',
)
[ info ] [ PARAM ] array (
  '/admin/login/captcha_html' => '',
)
[ info ] [ RUN ] app\admin\controller\Login->captcha[ D:\AppServ\www\application\admin\controller\Login.php ]
[ info ] [ SESSION ] INIT array (
  'prefix' => 'admin',
  'type' => '',
  'auto_start' => true,
)
[ info ] [ LOG ] INIT File
---------------------------------------------------------------
[ 2019-10-24T14:08:03+08:00 ] 127.0.0.1 GET 127.0.0.1:8888/wap
[运行时间：0.046002s] [吞吐率：21.74req/s] [内存消耗：3,153.09kb] [文件加载：117]
[ info ] [ LANG ] D:\AppServ\www\thinkphp\lang\zh-cn.php
[ info ] [ ROUTE ] array (
  'type' => 'module',
  'module' => 
  array (
    0 => 'wap',
    1 => NULL,
    2 => NULL,
  ),
)
[ info ] [ HEADER ] array (
  'host' => '127.0.0.1:8888',
  'connection' => 'keep-alive',
  'upgrade-insecure-requests' => '1',
  'user-agent' => 'Mozilla/5.0 (Windows NT 6.1; Win64; x64) AppleWebKit/537.36 (KHTML, like Gecko) Chrome/77.0.3865.120 Safari/537.36',
  'sec-fetch-mode' => 'navigate',
  'sec-fetch-user' => '?1',
  'accept' => 'text/html,application/xhtml+xml,application/xml;q=0.9,image/webp,image/apng,*/*;q=0.8,application/signed-exchange;v=b3',
  'sec-fetch-site' => 'none',
  'accept-encoding' => 'gzip, deflate, br',
  'accept-language' => 'zh-CN,zh;q=0.9,en;q=0.8',
  'cookie' => 'PHPSESSID=bmh8rkevt79bbqiiqifopbtsp2; is_login=0; is_bg=1; XDEBUG_SESSION=14925',
)
[ info ] [ PARAM ] array (
  '/wap' => '',
)
[ info ] [ BEHAVIOR ] Run behavior\wap\WapBehavior @wap_init [ RunTime:0.000000s ]
[ info ] [ SESSION ] INIT array (
  'prefix' => 'wap',
  'type' => '',
  'auto_start' => true,
)
[ info ] [ LOG ] INIT File
---------------------------------------------------------------
[ 2019-10-24T14:08:21+08:00 ] 127.0.0.1 GET 127.0.0.1:8888/wap/login/index.html?ref=aHR0cDovLzEyNy4wLjAuMTo4ODg4L3dhcA==
[运行时间：17.737015s] [吞吐率：0.06req/s] [内存消耗：2,901.66kb] [文件加载：110]
[ info ] [ LANG ] D:\AppServ\www\thinkphp\lang\zh-cn.php
[ info ] [ ROUTE ] array (
  'type' => 'module',
  'module' => 
  array (
    0 => 'wap',
    1 => 'login',
    2 => 'index',
  ),
)
[ info ] [ HEADER ] array (
  'host' => '127.0.0.1:8888',
  'connection' => 'keep-alive',
  'upgrade-insecure-requests' => '1',
  'user-agent' => 'Mozilla/5.0 (Windows NT 6.1; Win64; x64) AppleWebKit/537.36 (KHTML, like Gecko) Chrome/77.0.3865.120 Safari/537.36',
  'sec-fetch-mode' => 'navigate',
  'sec-fetch-user' => '?1',
  'accept' => 'text/html,application/xhtml+xml,application/xml;q=0.9,image/webp,image/apng,*/*;q=0.8,application/signed-exchange;v=b3',
  'sec-fetch-site' => 'none',
  'accept-encoding' => 'gzip, deflate, br',
  'accept-language' => 'zh-CN,zh;q=0.9,en;q=0.8',
  'cookie' => 'PHPSESSID=bmh8rkevt79bbqiiqifopbtsp2; is_login=0; is_bg=1; XDEBUG_SESSION=14925',
)
[ info ] [ PARAM ] array (
  '/wap/login/index_html' => '',
  'ref' => 'aHR0cDovLzEyNy4wLjAuMTo4ODg4L3dhcA==',
)
[ info ] [ BEHAVIOR ] Run behavior\wap\WapBehavior @wap_init [ RunTime:0.000000s ]
[ info ] [ RUN ] app\wap\controller\Login->index[ D:\AppServ\www\application\wap\controller\Login.php ]
[ info ] [ DB ] INIT mysql
[ info ] [ LOG ] INIT File
---------------------------------------------------------------
[ 2019-10-24T14:16:05+08:00 ] 0.0.0.0 GET localhost:8888/
[运行时间：0.059004s] [吞吐率：16.95req/s] [内存消耗：3,235.16kb] [文件加载：112]
[ info ] [ LANG ] D:\AppServ\www\thinkphp\lang\zh-cn.php
[ info ] [ ROUTE ] array (
  'type' => 'module',
  'module' => 
  array (
    0 => '',
    1 => NULL,
    2 => NULL,
  ),
)
[ info ] [ HEADER ] array (
  'host' => 'localhost:8888',
  'connection' => 'keep-alive',
  'upgrade-insecure-requests' => '1',
  'user-agent' => 'Mozilla/5.0 (Windows NT 6.1; Win64; x64) AppleWebKit/537.36 (KHTML, like Gecko) Chrome/77.0.3865.120 Safari/537.36',
  'sec-fetch-mode' => 'navigate',
  'sec-fetch-user' => '?1',
  'accept' => 'text/html,application/xhtml+xml,application/xml;q=0.9,image/webp,image/apng,*/*;q=0.8,application/signed-exchange;v=b3',
  'sec-fetch-site' => 'none',
  'accept-encoding' => 'gzip, deflate, br',
  'accept-language' => 'zh-CN,zh;q=0.9,en;q=0.8',
  'cookie' => '_ga=GA1.1.516496421.1528078385; Hm_lvt_b7505e2c3435202aefff08444fa0c05c=1561769857; PHPSESSID=clle9mn5dv54k18dffe5m8qka8; is_login=0; is_bg=1',
)
[ info ] [ PARAM ] array (
)
[ info ] [ SESSION ] INIT array (
  'prefix' => 'admin',
  'type' => '',
  'auto_start' => true,
)
[ info ] [ LOG ] INIT File
---------------------------------------------------------------
[ 2019-10-24T14:16:05+08:00 ] 0.0.0.0 GET localhost:8888/admin/login/index.html
[运行时间：0.033002s] [吞吐率：30.30req/s] [内存消耗：2,617.27kb] [文件加载：106]
[ info ] [ LANG ] D:\AppServ\www\thinkphp\lang\zh-cn.php
[ info ] [ ROUTE ] array (
  'type' => 'module',
  'module' => 
  array (
    0 => 'admin',
    1 => 'login',
    2 => 'index',
  ),
)
[ info ] [ HEADER ] array (
  'host' => 'localhost:8888',
  'connection' => 'keep-alive',
  'upgrade-insecure-requests' => '1',
  'user-agent' => 'Mozilla/5.0 (Windows NT 6.1; Win64; x64) AppleWebKit/537.36 (KHTML, like Gecko) Chrome/77.0.3865.120 Safari/537.36',
  'sec-fetch-mode' => 'navigate',
  'sec-fetch-user' => '?1',
  'accept' => 'text/html,application/xhtml+xml,application/xml;q=0.9,image/webp,image/apng,*/*;q=0.8,application/signed-exchange;v=b3',
  'sec-fetch-site' => 'none',
  'accept-encoding' => 'gzip, deflate, br',
  'accept-language' => 'zh-CN,zh;q=0.9,en;q=0.8',
  'cookie' => '_ga=GA1.1.516496421.1528078385; Hm_lvt_b7505e2c3435202aefff08444fa0c05c=1561769857; PHPSESSID=clle9mn5dv54k18dffe5m8qka8; is_login=0; is_bg=1',
)
[ info ] [ PARAM ] array (
  '/admin/login/index_html' => '',
)
[ info ] [ RUN ] app\admin\controller\Login->index[ D:\AppServ\www\application\admin\controller\Login.php ]
[ info ] [ VIEW ] D:\AppServ\www/application/admin\view\login\index.php [ array (
) ]
[ info ] [ LOG ] INIT File
---------------------------------------------------------------
[ 2019-10-24T14:16:05+08:00 ] 0.0.0.0 GET localhost:8888/admin/login/captcha.html
[运行时间：0.051003s] [吞吐率：19.61req/s] [内存消耗：2,614.50kb] [文件加载：105]
[ info ] [ LANG ] D:\AppServ\www\thinkphp\lang\zh-cn.php
[ info ] [ ROUTE ] array (
  'type' => 'module',
  'module' => 
  array (
    0 => 'admin',
    1 => 'login',
    2 => 'captcha',
  ),
)
[ info ] [ HEADER ] array (
  'host' => 'localhost:8888',
  'connection' => 'keep-alive',
  'sec-fetch-mode' => 'no-cors',
  'user-agent' => 'Mozilla/5.0 (Windows NT 6.1; Win64; x64) AppleWebKit/537.36 (KHTML, like Gecko) Chrome/77.0.3865.120 Safari/537.36',
  'accept' => 'image/webp,image/apng,image/*,*/*;q=0.8',
  'sec-fetch-site' => 'same-origin',
  'referer' => 'http://localhost:8888/admin/login/index.html',
  'accept-encoding' => 'gzip, deflate, br',
  'accept-language' => 'zh-CN,zh;q=0.9,en;q=0.8',
  'cookie' => '_ga=GA1.1.516496421.1528078385; Hm_lvt_b7505e2c3435202aefff08444fa0c05c=1561769857; PHPSESSID=clle9mn5dv54k18dffe5m8qka8; is_login=0; is_bg=1',
)
[ info ] [ PARAM ] array (
  '/admin/login/captcha_html' => '',
)
[ info ] [ RUN ] app\admin\controller\Login->captcha[ D:\AppServ\www\application\admin\controller\Login.php ]
[ info ] [ SESSION ] INIT array (
  'prefix' => 'admin',
  'type' => '',
  'auto_start' => true,
)
[ info ] [ LOG ] INIT File
---------------------------------------------------------------
[ 2019-10-24T14:16:11+08:00 ] 0.0.0.0 GET localhost:8888/wap
[运行时间：0.047002s] [吞吐率：21.28req/s] [内存消耗：3,153.30kb] [文件加载：117]
[ info ] [ LANG ] D:\AppServ\www\thinkphp\lang\zh-cn.php
[ info ] [ ROUTE ] array (
  'type' => 'module',
  'module' => 
  array (
    0 => 'wap',
    1 => NULL,
    2 => NULL,
  ),
)
[ info ] [ HEADER ] array (
  'host' => 'localhost:8888',
  'connection' => 'keep-alive',
  'upgrade-insecure-requests' => '1',
  'user-agent' => 'Mozilla/5.0 (Windows NT 6.1; Win64; x64) AppleWebKit/537.36 (KHTML, like Gecko) Chrome/77.0.3865.120 Safari/537.36',
  'sec-fetch-mode' => 'navigate',
  'sec-fetch-user' => '?1',
  'accept' => 'text/html,application/xhtml+xml,application/xml;q=0.9,image/webp,image/apng,*/*;q=0.8,application/signed-exchange;v=b3',
  'sec-fetch-site' => 'none',
  'accept-encoding' => 'gzip, deflate, br',
  'accept-language' => 'zh-CN,zh;q=0.9,en;q=0.8',
  'cookie' => '_ga=GA1.1.516496421.1528078385; Hm_lvt_b7505e2c3435202aefff08444fa0c05c=1561769857; PHPSESSID=clle9mn5dv54k18dffe5m8qka8; is_login=0; is_bg=1',
)
[ info ] [ PARAM ] array (
  '/wap' => '',
)
[ info ] [ BEHAVIOR ] Run behavior\wap\WapBehavior @wap_init [ RunTime:0.000000s ]
[ info ] [ SESSION ] INIT array (
  'prefix' => 'wap',
  'type' => '',
  'auto_start' => true,
)
[ info ] [ LOG ] INIT File
---------------------------------------------------------------
[ 2019-10-24T14:16:11+08:00 ] 0.0.0.0 GET localhost:8888/wap/login/index.html?ref=aHR0cDovL2xvY2FsaG9zdDo4ODg4L3dhcA==
[运行时间：0.174010s] [吞吐率：5.75req/s] [内存消耗：6,093.20kb] [文件加载：205]
[ info ] [ LANG ] D:\AppServ\www\thinkphp\lang\zh-cn.php
[ info ] [ ROUTE ] array (
  'type' => 'module',
  'module' => 
  array (
    0 => 'wap',
    1 => 'login',
    2 => 'index',
  ),
)
[ info ] [ HEADER ] array (
  'host' => 'localhost:8888',
  'connection' => 'keep-alive',
  'upgrade-insecure-requests' => '1',
  'user-agent' => 'Mozilla/5.0 (Windows NT 6.1; Win64; x64) AppleWebKit/537.36 (KHTML, like Gecko) Chrome/77.0.3865.120 Safari/537.36',
  'sec-fetch-mode' => 'navigate',
  'sec-fetch-user' => '?1',
  'accept' => 'text/html,application/xhtml+xml,application/xml;q=0.9,image/webp,image/apng,*/*;q=0.8,application/signed-exchange;v=b3',
  'sec-fetch-site' => 'none',
  'accept-encoding' => 'gzip, deflate, br',
  'accept-language' => 'zh-CN,zh;q=0.9,en;q=0.8',
  'cookie' => '_ga=GA1.1.516496421.1528078385; Hm_lvt_b7505e2c3435202aefff08444fa0c05c=1561769857; PHPSESSID=clle9mn5dv54k18dffe5m8qka8; is_login=0; is_bg=1',
)
[ info ] [ PARAM ] array (
  '/wap/login/index_html' => '',
  'ref' => 'aHR0cDovL2xvY2FsaG9zdDo4ODg4L3dhcA==',
)
[ info ] [ BEHAVIOR ] Run behavior\wap\WapBehavior @wap_init [ RunTime:0.000000s ]
[ info ] [ RUN ] app\wap\controller\Login->index[ D:\AppServ\www\application\wap\controller\Login.php ]
[ info ] [ VIEW ] D:\AppServ\www/application/wap/view/first/login\index.html [ array (
  0 => 'ref',
) ]
[ info ] [ DB ] INIT mysql
[ info ] [ LOG ] INIT File
---------------------------------------------------------------
[ 2019-10-24T14:32:13+08:00 ] 0.0.0.0 GET localhost:8888/wap/
[运行时间：0.062004s] [吞吐率：16.13req/s] [内存消耗：3,153.33kb] [文件加载：117]
[ info ] [ LANG ] D:\AppServ\www\thinkphp\lang\zh-cn.php
[ info ] [ ROUTE ] array (
  'type' => 'module',
  'module' => 
  array (
    0 => 'wap',
    1 => NULL,
    2 => NULL,
  ),
)
[ info ] [ HEADER ] array (
  'host' => 'localhost:8888',
  'connection' => 'keep-alive',
  'upgrade-insecure-requests' => '1',
  'user-agent' => 'Mozilla/5.0 (Windows NT 6.1; Win64; x64) AppleWebKit/537.36 (KHTML, like Gecko) Chrome/77.0.3865.120 Safari/537.36',
  'sec-fetch-mode' => 'navigate',
  'sec-fetch-user' => '?1',
  'accept' => 'text/html,application/xhtml+xml,application/xml;q=0.9,image/webp,image/apng,*/*;q=0.8,application/signed-exchange;v=b3',
  'sec-fetch-site' => 'none',
  'accept-encoding' => 'gzip, deflate, br',
  'accept-language' => 'zh-CN,zh;q=0.9,en;q=0.8',
  'cookie' => '_ga=GA1.1.516496421.1528078385; Hm_lvt_b7505e2c3435202aefff08444fa0c05c=1561769857; PHPSESSID=clle9mn5dv54k18dffe5m8qka8; is_login=0; is_bg=1',
)
[ info ] [ PARAM ] array (
  '/wap/' => '',
)
[ info ] [ BEHAVIOR ] Run behavior\wap\WapBehavior @wap_init [ RunTime:0.000000s ]
[ info ] [ SESSION ] INIT array (
  'prefix' => 'wap',
  'type' => '',
  'auto_start' => true,
)
[ info ] [ LOG ] INIT File
---------------------------------------------------------------
[ 2019-10-24T14:32:13+08:00 ] 0.0.0.0 GET localhost:8888/wap/login/index.html?ref=aHR0cDovL2xvY2FsaG9zdDo4ODg4L3dhcC8=
[运行时间：0.419024s] [吞吐率：2.39req/s] [内存消耗：6,093.63kb] [文件加载：205]
[ info ] [ LANG ] D:\AppServ\www\thinkphp\lang\zh-cn.php
[ info ] [ ROUTE ] array (
  'type' => 'module',
  'module' => 
  array (
    0 => 'wap',
    1 => 'login',
    2 => 'index',
  ),
)
[ info ] [ HEADER ] array (
  'host' => 'localhost:8888',
  'connection' => 'keep-alive',
  'upgrade-insecure-requests' => '1',
  'user-agent' => 'Mozilla/5.0 (Windows NT 6.1; Win64; x64) AppleWebKit/537.36 (KHTML, like Gecko) Chrome/77.0.3865.120 Safari/537.36',
  'sec-fetch-mode' => 'navigate',
  'sec-fetch-user' => '?1',
  'accept' => 'text/html,application/xhtml+xml,application/xml;q=0.9,image/webp,image/apng,*/*;q=0.8,application/signed-exchange;v=b3',
  'sec-fetch-site' => 'none',
  'accept-encoding' => 'gzip, deflate, br',
  'accept-language' => 'zh-CN,zh;q=0.9,en;q=0.8',
  'cookie' => '_ga=GA1.1.516496421.1528078385; Hm_lvt_b7505e2c3435202aefff08444fa0c05c=1561769857; PHPSESSID=clle9mn5dv54k18dffe5m8qka8; is_login=0; is_bg=1',
)
[ info ] [ PARAM ] array (
  '/wap/login/index_html' => '',
  'ref' => 'aHR0cDovL2xvY2FsaG9zdDo4ODg4L3dhcC8=',
)
[ info ] [ BEHAVIOR ] Run behavior\wap\WapBehavior @wap_init [ RunTime:0.000000s ]
[ info ] [ RUN ] app\wap\controller\Login->index[ D:\AppServ\www\application\wap\controller\Login.php ]
[ info ] [ DB ] INIT mysql
[ info ] [ VIEW ] D:\AppServ\www/application/wap/view/first/login\index.html [ array (
  0 => 'ref',
) ]
[ info ] [ LOG ] INIT File
